<?xml version="1.0" encoding="UTF-8"?>
<coverage generated="1773863897692" clover="3.2.0">
  <project timestamp="1773863897692" name="All files">
    <metrics statements="377" coveredstatements="370" conditionals="306" coveredconditionals="275" methods="114" coveredmethods="110" elements="797" coveredelements="755" complexity="0" loc="377" ncloc="377" packages="5" files="13" classes="13"/>
    <package name="src">
      <metrics statements="18" coveredstatements="18" conditionals="18" coveredconditionals="16" methods="7" coveredmethods="7"/>
      <file name="App.jsx" path="F:\Projects\OllamaDashboard\frontend\src\App.jsx">
        <metrics statements="18" coveredstatements="18" conditionals="18" coveredconditionals="16" methods="7" coveredmethods="7"/>
        <line num="19" count="14" type="stmt"/>
        <line num="20" count="14" type="stmt"/>
        <line num="21" count="14" type="stmt"/>
        <line num="22" count="14" type="stmt"/>
        <line num="25" count="14" type="stmt"/>
        <line num="26" count="5" type="stmt"/>
        <line num="27" count="5" type="stmt"/>
        <line num="28" count="4" type="cond" truecount="1" falsecount="1"/>
        <line num="29" count="5" type="stmt"/>
        <line num="32" count="5" type="stmt"/>
        <line num="33" count="4" type="cond" truecount="5" falsecount="1"/>
        <line num="38" count="5" type="stmt"/>
        <line num="42" count="14" type="stmt"/>
        <line num="43" count="4" type="stmt"/>
        <line num="47" count="14" type="stmt"/>
        <line num="52" count="14" type="stmt"/>
        <line num="78" count="26" type="stmt"/>
        <line num="80" count="4" type="stmt"/>
      </file>
    </package>
    <package name="src.api">
      <metrics statements="41" coveredstatements="41" conditionals="32" coveredconditionals="29" methods="4" coveredmethods="4"/>
      <file name="client.js" path="F:\Projects\OllamaDashboard\frontend\src\api\client.js">
        <metrics statements="41" coveredstatements="41" conditionals="32" coveredconditionals="29" methods="4" coveredmethods="4"/>
        <line num="19" count="7" type="stmt"/>
        <line num="33" count="2" type="stmt"/>
        <line num="34" count="2" type="cond" truecount="2" falsecount="0"/>
        <line num="35" count="1" type="stmt"/>
        <line num="46" count="4" type="stmt"/>
        <line num="47" count="4" type="cond" truecount="2" falsecount="0"/>
        <line num="48" count="2" type="stmt"/>
        <line num="49" count="2" type="cond" truecount="1" falsecount="1"/>
        <line num="51" count="2" type="stmt"/>
        <line num="80" count="4" type="stmt"/>
        <line num="87" count="4" type="cond" truecount="2" falsecount="0"/>
        <line num="88" count="1" type="stmt"/>
        <line num="89" count="1" type="stmt"/>
        <line num="92" count="3" type="stmt"/>
        <line num="97" count="3" type="stmt"/>
        <line num="100" count="3" type="stmt"/>
        <line num="102" count="3" type="stmt"/>
        <line num="103" count="3" type="stmt"/>
        <line num="104" count="5" type="stmt"/>
        <line num="105" count="5" type="cond" truecount="2" falsecount="0"/>
        <line num="109" count="3" type="stmt"/>
        <line num="113" count="3" type="stmt"/>
        <line num="114" count="3" type="cond" truecount="1" falsecount="1"/>
        <line num="116" count="5" type="stmt"/>
        <line num="118" count="7" type="stmt"/>
        <line num="120" count="7" type="cond" truecount="2" falsecount="0"/>
        <line num="122" count="4" type="stmt"/>
        <line num="125" count="4" type="cond" truecount="2" falsecount="0"/>
        <line num="127" count="3" type="stmt"/>
        <line num="128" count="3" type="stmt"/>
        <line num="136" count="2" type="stmt"/>
        <line num="137" count="2" type="cond" truecount="2" falsecount="0"/>
        <line num="138" count="1" type="stmt"/>
        <line num="139" count="1" type="cond" truecount="3" falsecount="1"/>
        <line num="140" count="1" type="stmt"/>
        <line num="146" count="3" type="stmt"/>
        <line num="161" count="23" type="cond" truecount="4" falsecount="0"/>
        <line num="162" count="7" type="cond" truecount="2" falsecount="0"/>
        <line num="163" count="5" type="cond" truecount="2" falsecount="0"/>
        <line num="164" count="4" type="cond" truecount="2" falsecount="0"/>
        <line num="165" count="1" type="stmt"/>
      </file>
    </package>
    <package name="src.components">
      <metrics statements="21" coveredstatements="21" conditionals="14" coveredconditionals="14" methods="6" coveredmethods="6"/>
      <file name="CategoryPill.jsx" path="F:\Projects\OllamaDashboard\frontend\src\components\CategoryPill.jsx">
        <metrics statements="3" coveredstatements="3" conditionals="4" coveredconditionals="4" methods="1" coveredmethods="1"/>
        <line num="16" count="6" type="stmt"/>
        <line num="25" count="29" type="cond" truecount="2" falsecount="0"/>
        <line num="27" count="29" type="stmt"/>
      </file>
      <file name="StatusBar.jsx" path="F:\Projects\OllamaDashboard\frontend\src\components\StatusBar.jsx">
        <metrics statements="18" coveredstatements="18" conditionals="10" coveredconditionals="10" methods="5" coveredmethods="5"/>
        <line num="6" count="2" type="stmt"/>
        <line num="15" count="19" type="stmt"/>
        <line num="17" count="19" type="stmt"/>
        <line num="18" count="7" type="stmt"/>
        <line num="19" count="7" type="stmt"/>
        <line num="20" count="5" type="stmt"/>
        <line num="23" count="1" type="stmt"/>
        <line num="27" count="19" type="stmt"/>
        <line num="28" count="7" type="stmt"/>
        <line num="30" count="7" type="stmt"/>
        <line num="31" count="7" type="stmt"/>
        <line num="34" count="19" type="stmt"/>
        <line num="59" count="36" type="stmt"/>
        <line num="60" count="36" type="stmt"/>
        <line num="62" count="36" type="cond" truecount="4" falsecount="0"/>
        <line num="64" count="36" type="cond" truecount="2" falsecount="0"/>
        <line num="65" count="16" type="stmt"/>
        <line num="75" count="20" type="stmt"/>
      </file>
    </package>
    <package name="src.components.ModelHub">
      <metrics statements="67" coveredstatements="65" conditionals="71" coveredconditionals="66" methods="30" coveredmethods="29"/>
      <file name="AvailableList.jsx" path="F:\Projects\OllamaDashboard\frontend\src\components\ModelHub\AvailableList.jsx">
        <metrics statements="30" coveredstatements="28" conditionals="34" coveredconditionals="31" methods="12" coveredmethods="11"/>
        <line num="13" count="32" type="stmt"/>
        <line num="14" count="32" type="cond" truecount="2" falsecount="0"/>
        <line num="15" count="27" type="stmt"/>
        <line num="16" count="27" type="stmt"/>
        <line num="17" count="27" type="cond" truecount="2" falsecount="0"/>
        <line num="18" count="15" type="cond" truecount="2" falsecount="0"/>
        <line num="19" count="6" type="cond" truecount="1" falsecount="1"/>
        <line num="20" count="0" type="stmt"/>
        <line num="24" count="3" type="stmt"/>
        <line num="50" count="43" type="stmt"/>
        <line num="54" count="43" type="stmt"/>
        <line num="55" count="43" type="stmt"/>
        <line num="58" count="43" type="stmt"/>
        <line num="59" count="31" type="stmt"/>
        <line num="62" count="31" type="cond" truecount="2" falsecount="0"/>
        <line num="64" count="10" type="cond" truecount="3" falsecount="0"/>
        <line num="72" count="31" type="cond" truecount="2" falsecount="0"/>
        <line num="74" count="2" type="stmt"/>
        <line num="75" count="16" type="stmt"/>
        <line num="76" count="16" type="cond" truecount="2" falsecount="0"/>
        <line num="80" count="43" type="stmt"/>
        <line num="101" count="2" type="stmt"/>
        <line num="115" count="2" type="stmt"/>
        <line num="120" count="129" type="stmt"/>
        <line num="134" count="1" type="stmt"/>
        <line num="145" count="49" type="stmt"/>
        <line num="146" count="49" type="stmt"/>
        <line num="148" count="49" type="stmt"/>
        <line num="179" count="4" type="stmt"/>
        <line num="216" count="0" type="stmt"/>
      </file>
      <file name="DownloadProgress.jsx" path="F:\Projects\OllamaDashboard\frontend\src\components\ModelHub\DownloadProgress.jsx">
        <metrics statements="4" coveredstatements="4" conditionals="8" coveredconditionals="8" methods="1" coveredmethods="1"/>
        <line num="15" count="9" type="cond" truecount="2" falsecount="0"/>
        <line num="17" count="8" type="stmt"/>
        <line num="20" count="8" type="cond" truecount="2" falsecount="0"/>
        <line num="22" count="9" type="stmt"/>
      </file>
      <file name="InstalledList.jsx" path="F:\Projects\OllamaDashboard\frontend\src\components\ModelHub\InstalledList.jsx">
        <metrics statements="7" coveredstatements="7" conditionals="12" coveredconditionals="12" methods="5" coveredmethods="5"/>
        <line num="19" count="37" type="stmt"/>
        <line num="45" count="17" type="stmt"/>
        <line num="64" count="17" type="stmt"/>
        <line num="65" count="17" type="stmt"/>
        <line num="67" count="17" type="stmt"/>
        <line num="104" count="2" type="stmt"/>
        <line num="113" count="4" type="stmt"/>
      </file>
      <file name="ModelHub.jsx" path="F:\Projects\OllamaDashboard\frontend\src\components\ModelHub\ModelHub.jsx">
        <metrics statements="26" coveredstatements="26" conditionals="17" coveredconditionals="15" methods="12" coveredmethods="12"/>
        <line num="19" count="34" type="stmt"/>
        <line num="20" count="34" type="stmt"/>
        <line num="23" count="34" type="stmt"/>
        <line num="24" count="12" type="stmt"/>
        <line num="25" count="10" type="cond" truecount="2" falsecount="0"/>
        <line num="30" count="34" type="stmt"/>
        <line num="38" count="34" type="stmt"/>
        <line num="39" count="4" type="stmt"/>
        <line num="41" count="4" type="stmt"/>
        <line num="42" count="4" type="stmt"/>
        <line num="43" count="3" type="cond" truecount="2" falsecount="0"/>
        <line num="44" count="1" type="stmt"/>
        <line num="45" count="1" type="stmt"/>
        <line num="49" count="2" type="cond" truecount="4" falsecount="0"/>
        <line num="53" count="3" type="stmt"/>
        <line num="60" count="1" type="cond" truecount="1" falsecount="1"/>
        <line num="61" count="1" type="stmt"/>
        <line num="62" count="1" type="stmt"/>
        <line num="65" count="4" type="stmt"/>
        <line num="66" count="4" type="stmt"/>
        <line num="74" count="34" type="stmt"/>
        <line num="75" count="3" type="stmt"/>
        <line num="76" count="3" type="stmt"/>
        <line num="80" count="3" type="stmt"/>
        <line num="87" count="34" type="stmt"/>
        <line num="89" count="34" type="stmt"/>
      </file>
    </package>
    <package name="src.components.Playground">
      <metrics statements="230" coveredstatements="225" conditionals="171" coveredconditionals="150" methods="67" coveredmethods="64"/>
      <file name="AgentChat.jsx" path="F:\Projects\OllamaDashboard\frontend\src\components\Playground\AgentChat.jsx">
        <metrics statements="130" coveredstatements="125" conditionals="82" coveredconditionals="70" methods="36" coveredmethods="34"/>
        <line num="26" count="46" type="stmt"/>
        <line num="28" count="46" type="stmt"/>
        <line num="31" count="14" type="stmt"/>
        <line num="32" count="14" type="stmt"/>
        <line num="33" count="14" type="cond" truecount="2" falsecount="0"/>
        <line num="36" count="0" type="stmt"/>
        <line num="39" count="46" type="stmt"/>
        <line num="40" count="46" type="stmt"/>
        <line num="42" count="46" type="stmt"/>
        <line num="44" count="46" type="stmt"/>
        <line num="46" count="46" type="stmt"/>
        <line num="47" count="46" type="stmt"/>
        <line num="48" count="46" type="stmt"/>
        <line num="49" count="46" type="stmt"/>
        <line num="54" count="46" type="stmt"/>
        <line num="55" count="0" type="stmt"/>
        <line num="56" count="0" type="cond" truecount="0" falsecount="2"/>
        <line num="57" count="0" type="stmt"/>
        <line num="62" count="46" type="stmt"/>
        <line num="63" count="37" type="cond" truecount="3" falsecount="1"/>
        <line num="64" count="37" type="stmt"/>
        <line num="69" count="46" type="stmt"/>
        <line num="70" count="11" type="cond" truecount="1" falsecount="1"/>
        <line num="71" count="11" type="stmt"/>
        <line num="72" count="11" type="stmt"/>
        <line num="78" count="46" type="stmt"/>
        <line num="79" count="37" type="stmt"/>
        <line num="80" count="37" type="stmt"/>
        <line num="88" count="46" type="stmt"/>
        <line num="89" count="14" type="stmt"/>
        <line num="92" count="14" type="stmt"/>
        <line num="98" count="46" type="stmt"/>
        <line num="99" count="8" type="cond" truecount="4" falsecount="1"/>
        <line num="101" count="8" type="stmt"/>
        <line num="102" count="8" type="stmt"/>
        <line num="105" count="8" type="stmt"/>
        <line num="106" count="8" type="stmt"/>
        <line num="108" count="8" type="stmt"/>
        <line num="109" count="8" type="stmt"/>
        <line num="111" count="8" type="stmt"/>
        <line num="112" count="8" type="stmt"/>
        <line num="113" count="8" type="stmt"/>
        <line num="116" count="8" type="stmt"/>
        <line num="121" count="8" type="stmt"/>
        <line num="123" count="8" type="stmt"/>
        <line num="124" count="8" type="stmt"/>
        <line num="128" count="8" type="cond" truecount="2" falsecount="0"/>
        <line num="130" count="3" type="stmt"/>
        <line num="131" count="3" type="stmt"/>
        <line num="132" count="3" type="stmt"/>
        <line num="133" count="3" type="stmt"/>
        <line num="139" count="8" type="cond" truecount="2" falsecount="0"/>
        <line num="142" count="1" type="stmt"/>
        <line num="148" count="8" type="cond" truecount="2" falsecount="0"/>
        <line num="149" count="1" type="cond" truecount="1" falsecount="1"/>
        <line num="151" count="8" type="cond" truecount="2" falsecount="0"/>
        <line num="152" count="3" type="stmt"/>
        <line num="158" count="1" type="cond" truecount="1" falsecount="1"/>
        <line num="159" count="1" type="stmt"/>
        <line num="160" count="1" type="stmt"/>
        <line num="161" count="1" type="stmt"/>
        <line num="162" count="1" type="stmt"/>
        <line num="170" count="8" type="stmt"/>
        <line num="171" count="8" type="stmt"/>
        <line num="172" count="8" type="stmt"/>
        <line num="173" count="8" type="stmt"/>
        <line num="175" count="8" type="stmt"/>
        <line num="176" count="8" type="stmt"/>
        <line num="177" count="8" type="stmt"/>
        <line num="182" count="46" type="stmt"/>
        <line num="183" count="0" type="stmt"/>
        <line num="187" count="46" type="stmt"/>
        <line num="188" count="2" type="cond" truecount="4" falsecount="0"/>
        <line num="189" count="1" type="stmt"/>
        <line num="190" count="1" type="stmt"/>
        <line num="195" count="46" type="stmt"/>
        <line num="196" count="1" type="stmt"/>
        <line num="197" count="1" type="stmt"/>
        <line num="198" count="1" type="stmt"/>
        <line num="199" count="1" type="stmt"/>
        <line num="200" count="1" type="stmt"/>
        <line num="201" count="1" type="stmt"/>
        <line num="202" count="1" type="stmt"/>
        <line num="210" count="46" type="stmt"/>
        <line num="211" count="3" type="cond" truecount="1" falsecount="1"/>
        <line num="214" count="6" type="cond" truecount="2" falsecount="0"/>
        <line num="219" count="3" type="cond" truecount="1" falsecount="1"/>
        <line num="221" count="3" type="stmt"/>
        <line num="222" count="3" type="stmt"/>
        <line num="223" count="3" type="stmt"/>
        <line num="225" count="3" type="stmt"/>
        <line num="226" count="3" type="stmt"/>
        <line num="227" count="3" type="stmt"/>
        <line num="228" count="3" type="stmt"/>
        <line num="230" count="3" type="stmt"/>
        <line num="232" count="3" type="stmt"/>
        <line num="233" count="3" type="stmt"/>
        <line num="237" count="5" type="cond" truecount="2" falsecount="0"/>
        <line num="238" count="2" type="stmt"/>
        <line num="239" count="2" type="stmt"/>
        <line num="240" count="2" type="stmt"/>
        <line num="241" count="2" type="stmt"/>
        <line num="247" count="5" type="cond" truecount="2" falsecount="0"/>
        <line num="248" count="1" type="stmt"/>
        <line num="253" count="5" type="cond" truecount="2" falsecount="0"/>
        <line num="254" count="1" type="cond" truecount="1" falsecount="1"/>
        <line num="256" count="5" type="cond" truecount="2" falsecount="0"/>
        <line num="257" count="1" type="stmt"/>
        <line num="263" count="1" type="cond" truecount="1" falsecount="1"/>
        <line num="264" count="1" type="stmt"/>
        <line num="265" count="1" type="stmt"/>
        <line num="266" count="1" type="stmt"/>
        <line num="267" count="1" type="stmt"/>
        <line num="274" count="3" type="stmt"/>
        <line num="275" count="3" type="stmt"/>
        <line num="276" count="3" type="stmt"/>
        <line num="277" count="3" type="stmt"/>
        <line num="279" count="3" type="stmt"/>
        <line num="280" count="3" type="stmt"/>
        <line num="281" count="3" type="stmt"/>
        <line num="287" count="46" type="stmt"/>
        <line num="317" count="52" type="cond" truecount="2" falsecount="0"/>
        <line num="328" count="1" type="stmt"/>
        <line num="329" count="2" type="stmt"/>
        <line num="353" count="8" type="stmt"/>
        <line num="394" count="49" type="stmt"/>
        <line num="396" count="49" type="stmt"/>
        <line num="441" count="5" type="cond" truecount="1" falsecount="1"/>
        <line num="488" count="4" type="stmt"/>
        <line num="531" count="2" type="stmt"/>
      </file>
      <file name="ModelSelector.jsx" path="F:\Projects\OllamaDashboard\frontend\src\components\Playground\ModelSelector.jsx">
        <metrics statements="18" coveredstatements="18" conditionals="22" coveredconditionals="20" methods="9" coveredmethods="9"/>
        <line num="19" count="12" type="stmt"/>
        <line num="20" count="12" type="stmt"/>
        <line num="23" count="12" type="stmt"/>
        <line num="24" count="7" type="stmt"/>
        <line num="25" count="1" type="cond" truecount="3" falsecount="1"/>
        <line num="27" count="7" type="stmt"/>
        <line num="28" count="7" type="stmt"/>
        <line num="32" count="12" type="stmt"/>
        <line num="33" count="12" type="stmt"/>
        <line num="35" count="12" type="cond" truecount="2" falsecount="0"/>
        <line num="36" count="2" type="stmt"/>
        <line num="45" count="10" type="stmt"/>
        <line num="49" count="2" type="stmt"/>
        <line num="83" count="4" type="stmt"/>
        <line num="84" count="4" type="stmt"/>
        <line num="85" count="4" type="stmt"/>
        <line num="89" count="1" type="stmt"/>
        <line num="90" count="1" type="stmt"/>
      </file>
      <file name="Playground.jsx" path="F:\Projects\OllamaDashboard\frontend\src\components\Playground\Playground.jsx">
        <metrics statements="6" coveredstatements="6" conditionals="6" coveredconditionals="6" methods="3" coveredmethods="3"/>
        <line num="20" count="8" type="stmt"/>
        <line num="22" count="8" type="stmt"/>
        <line num="27" count="8" type="stmt"/>
        <line num="29" count="8" type="stmt"/>
        <line num="46" count="16" type="stmt"/>
        <line num="48" count="1" type="stmt"/>
      </file>
      <file name="RawConsole.jsx" path="F:\Projects\OllamaDashboard\frontend\src\components\Playground\RawConsole.jsx">
        <metrics statements="39" coveredstatements="39" conditionals="39" coveredconditionals="34" methods="15" coveredmethods="15"/>
        <line num="24" count="31" type="stmt"/>
        <line num="25" count="31" type="stmt"/>
        <line num="26" count="31" type="stmt"/>
        <line num="27" count="31" type="stmt"/>
        <line num="29" count="31" type="stmt"/>
        <line num="30" count="31" type="stmt"/>
        <line num="33" count="31" type="stmt"/>
        <line num="34" count="8" type="stmt"/>
        <line num="38" count="31" type="stmt"/>
        <line num="39" count="13" type="cond" truecount="1" falsecount="1"/>
        <line num="40" count="13" type="stmt"/>
        <line num="45" count="31" type="stmt"/>
        <line num="46" count="7" type="cond" truecount="4" falsecount="1"/>
        <line num="48" count="7" type="stmt"/>
        <line num="49" count="7" type="stmt"/>
        <line num="50" count="7" type="stmt"/>
        <line num="52" count="7" type="stmt"/>
        <line num="53" count="7" type="stmt"/>
        <line num="57" count="4" type="cond" truecount="2" falsecount="0"/>
        <line num="58" count="3" type="stmt"/>
        <line num="60" count="4" type="cond" truecount="2" falsecount="0"/>
        <line num="61" count="1" type="stmt"/>
        <line num="67" count="2" type="cond" truecount="2" falsecount="0"/>
        <line num="68" count="1" type="stmt"/>
        <line num="71" count="6" type="stmt"/>
        <line num="76" count="31" type="stmt"/>
        <line num="79" count="31" type="stmt"/>
        <line num="80" count="1" type="cond" truecount="1" falsecount="1"/>
        <line num="81" count="1" type="stmt"/>
        <line num="82" count="1" type="stmt"/>
        <line num="83" count="1" type="stmt"/>
        <line num="84" count="1" type="stmt"/>
        <line num="91" count="31" type="stmt"/>
        <line num="92" count="1" type="cond" truecount="3" falsecount="2"/>
        <line num="93" count="1" type="stmt"/>
        <line num="94" count="1" type="stmt"/>
        <line num="98" count="31" type="stmt"/>
        <line num="115" count="7" type="stmt"/>
        <line num="141" count="1" type="stmt"/>
      </file>
      <file name="RecommendationCard.jsx" path="F:\Projects\OllamaDashboard\frontend\src\components\Playground\RecommendationCard.jsx">
        <metrics statements="37" coveredstatements="37" conditionals="22" coveredconditionals="20" methods="4" coveredmethods="3"/>
        <line num="16" count="23" type="stmt"/>
        <line num="17" count="23" type="stmt"/>
        <line num="18" count="23" type="stmt"/>
        <line num="19" count="23" type="stmt"/>
        <line num="21" count="23" type="stmt"/>
        <line num="22" count="4" type="stmt"/>
        <line num="23" count="4" type="stmt"/>
        <line num="24" count="4" type="stmt"/>
        <line num="25" count="4" type="stmt"/>
        <line num="27" count="4" type="stmt"/>
        <line num="29" count="4" type="stmt"/>
        <line num="35" count="4" type="cond" truecount="2" falsecount="0"/>
        <line num="36" count="1" type="stmt"/>
        <line num="37" count="1" type="cond" truecount="1" falsecount="1"/>
        <line num="40" count="3" type="stmt"/>
        <line num="41" count="3" type="stmt"/>
        <line num="43" count="3" type="stmt"/>
        <line num="44" count="7" type="stmt"/>
        <line num="45" count="7" type="cond" truecount="2" falsecount="0"/>
        <line num="47" count="4" type="stmt"/>
        <line num="48" count="4" type="stmt"/>
        <line num="50" count="4" type="stmt"/>
        <line num="51" count="5" type="cond" truecount="2" falsecount="0"/>
        <line num="53" count="4" type="cond" truecount="1" falsecount="1"/>
        <line num="54" count="4" type="stmt"/>
        <line num="55" count="4" type="stmt"/>
        <line num="56" count="4" type="cond" truecount="2" falsecount="0"/>
        <line num="57" count="3" type="cond" truecount="4" falsecount="0"/>
        <line num="58" count="2" type="stmt"/>
        <line num="60" count="3" type="cond" truecount="2" falsecount="0"/>
        <line num="69" count="3" type="stmt"/>
        <line num="70" count="3" type="stmt"/>
        <line num="73" count="3" type="stmt"/>
        <line num="74" count="2" type="stmt"/>
        <line num="78" count="1" type="stmt"/>
        <line num="79" count="1" type="stmt"/>
        <line num="83" count="23" type="stmt"/>
      </file>
    </package>
  </project>
</coverage>
