{"F:\\Projects\\OllamaDashboard\\frontend\\src\\App.jsx": {"path":"F:\\Projects\\OllamaDashboard\\frontend\\src\\App.jsx","statementMap":{"0":{"start":{"line":19,"column":17},"end":{"line":19,"column":43}},"1":{"start":{"line":20,"column":28},"end":{"line":20,"column":62}},"2":{"start":{"line":21,"column":26},"end":{"line":21,"column":58}},"3":{"start":{"line":22,"column":26},"end":{"line":22,"column":60}},"4":{"start":{"line":25,"column":10},"end":{"line":40,"column":10}},"5":{"start":{"line":26,"column":8},"end":{"line":38,"column":null}},"6":{"start":{"line":27,"column":25},"end":{"line":27,"column":52}},"7":{"start":{"line":28,"column":27},"end":{"line":28,"column":44}},"8":{"start":{"line":29,"column":12},"end":{"line":29,"column":null}},"9":{"start":{"line":32,"column":12},"end":{"line":34,"column":null}},"10":{"start":{"line":33,"column":16},"end":{"line":33,"column":null}},"11":{"start":{"line":33,"column":43},"end":{"line":33,"column":59}},"12":{"start":{"line":38,"column":12},"end":{"line":38,"column":null}},"13":{"start":{"line":42,"column":4},"end":{"line":44,"column":null}},"14":{"start":{"line":43,"column":8},"end":{"line":43,"column":null}},"15":{"start":{"line":47,"column":21},"end":{"line":49,"column":null}},"16":{"start":{"line":52,"column":4},"end":{"line":137,"column":null}},"17":{"start":{"line":78,"column":24},"end":{"line":88,"column":null}},"18":{"start":{"line":80,"column":43},"end":{"line":80,"column":54}}},"fnMap":{"0":{"name":"App","decl":{"start":{"line":18,"column":24},"end":{"line":18,"column":30}},"loc":{"start":{"line":18,"column":30},"end":{"line":137,"column":null}},"line":18},"1":{"name":"(anonymous_1)","decl":{"start":{"line":25,"column":38},"end":{"line":25,"column":50}},"loc":{"start":{"line":25,"column":50},"end":{"line":40,"column":9}},"line":25},"2":{"name":"(anonymous_2)","decl":{"start":{"line":32,"column":12},"end":{"line":32,"column":30}},"loc":{"start":{"line":33,"column":16},"end":{"line":33,"column":null}},"line":33},"3":{"name":"(anonymous_3)","decl":{"start":{"line":33,"column":31},"end":{"line":33,"column":37}},"loc":{"start":{"line":33,"column":43},"end":{"line":33,"column":59}},"line":33},"4":{"name":"(anonymous_4)","decl":{"start":{"line":42,"column":4},"end":{"line":42,"column":20}},"loc":{"start":{"line":42,"column":20},"end":{"line":44,"column":8}},"line":42},"5":{"name":"(anonymous_5)","decl":{"start":{"line":77,"column":30},"end":{"line":77,"column":35}},"loc":{"start":{"line":78,"column":24},"end":{"line":88,"column":null}},"line":78},"6":{"name":"(anonymous_6)","decl":{"start":{"line":80,"column":28},"end":{"line":80,"column":43}},"loc":{"start":{"line":80,"column":43},"end":{"line":80,"column":54}},"line":80}},"branchMap":{"0":{"loc":{"start":{"line":28,"column":27},"end":{"line":28,"column":44}},"type":"binary-expr","locations":[{"start":{"line":28,"column":27},"end":{"line":28,"column":42}},{"start":{"line":28,"column":42},"end":{"line":28,"column":44}}],"line":28},"1":{"loc":{"start":{"line":33,"column":16},"end":{"line":33,"column":null}},"type":"cond-expr","locations":[{"start":{"line":33,"column":62},"end":{"line":33,"column":69}},{"start":{"line":33,"column":69},"end":{"line":33,"column":null}}],"line":33},"2":{"loc":{"start":{"line":33,"column":16},"end":{"line":33,"column":59}},"type":"binary-expr","locations":[{"start":{"line":33,"column":16},"end":{"line":33,"column":24}},{"start":{"line":33,"column":24},"end":{"line":33,"column":59}}],"line":33},"3":{"loc":{"start":{"line":33,"column":69},"end":{"line":33,"column":null}},"type":"binary-expr","locations":[{"start":{"line":33,"column":69},"end":{"line":33,"column":88}},{"start":{"line":33,"column":88},"end":{"line":33,"column":null}}],"line":33},"4":{"loc":{"start":{"line":81,"column":39},"end":{"line":81,"column":null}},"type":"cond-expr","locations":[{"start":{"line":81,"column":53},"end":{"line":81,"column":73}},{"start":{"line":81,"column":73},"end":{"line":81,"column":null}}],"line":81},"5":{"loc":{"start":{"line":85,"column":29},"end":{"line":86,"column":null}},"type":"binary-expr","locations":[{"start":{"line":85,"column":29},"end":{"line":85,"column":null}},{"start":{"line":86,"column":32},"end":{"line":86,"column":null}}],"line":85},"6":{"loc":{"start":{"line":100,"column":29},"end":{"line":100,"column":null}},"type":"cond-expr","locations":[{"start":{"line":100,"column":45},"end":{"line":100,"column":51}},{"start":{"line":100,"column":51},"end":{"line":100,"column":null}}],"line":100},"7":{"loc":{"start":{"line":118,"column":25},"end":{"line":118,"column":null}},"type":"cond-expr","locations":[{"start":{"line":118,"column":42},"end":{"line":118,"column":56}},{"start":{"line":118,"column":56},"end":{"line":118,"column":null}}],"line":118},"8":{"loc":{"start":{"line":125,"column":21},"end":{"line":135,"column":null}},"type":"cond-expr","locations":[{"start":{"line":126,"column":24},"end":{"line":131,"column":25}},{"start":{"line":131,"column":24},"end":{"line":135,"column":null}}],"line":125}},"s":{"0":14,"1":14,"2":14,"3":14,"4":14,"5":5,"6":5,"7":4,"8":5,"9":5,"10":4,"11":1,"12":5,"13":14,"14":4,"15":14,"16":14,"17":26,"18":4},"f":{"0":14,"1":5,"2":4,"3":1,"4":4,"5":26,"6":4},"b":{"0":[4,0],"1":[1,3],"2":[4,1],"3":[3,0],"4":[13,13],"5":[26,13],"6":[5,8],"7":[9,4],"8":[9,4]},"meta":{"lastBranch":9,"lastFunction":7,"lastStatement":19,"seen":{"f:18:24:18:30":0,"s:19:17:19:43":0,"s:20:28:20:62":1,"s:21:26:21:58":2,"s:22:26:22:60":3,"s:25:10:40:10":4,"f:25:38:25:50":1,"s:26:8:38:Infinity":5,"s:27:25:27:52":6,"s:28:27:28:44":7,"b:28:27:28:42:28:42:28:44":0,"s:29:12:29:Infinity":8,"s:32:12:34:Infinity":9,"f:32:12:32:30":2,"s:33:16:33:Infinity":10,"b:33:62:33:69:33:69:33:Infinity":1,"b:33:16:33:24:33:24:33:59":2,"f:33:31:33:37":3,"s:33:43:33:59":11,"b:33:69:33:88:33:88:33:Infinity":3,"s:38:12:38:Infinity":12,"s:42:4:44:Infinity":13,"f:42:4:42:20":4,"s:43:8:43:Infinity":14,"s:47:21:49:Infinity":15,"s:52:4:137:Infinity":16,"f:77:30:77:35":5,"s:78:24:88:Infinity":17,"f:80:28:80:43":6,"s:80:43:80:54":18,"b:81:53:81:73:81:73:81:Infinity":4,"b:85:29:85:Infinity:86:32:86:Infinity":5,"b:100:45:100:51:100:51:100:Infinity":6,"b:118:42:118:56:118:56:118:Infinity":7,"b:126:24:131:25:131:24:135:Infinity":8}}}
,"F:\\Projects\\OllamaDashboard\\frontend\\src\\api\\client.js": {"path":"F:\\Projects\\OllamaDashboard\\frontend\\src\\api\\client.js","statementMap":{"0":{"start":{"line":19,"column":13},"end":{"line":19,"column":15}},"1":{"start":{"line":33,"column":16},"end":{"line":33,"column":40}},"2":{"start":{"line":34,"column":4},"end":{"line":34,"column":69}},"3":{"start":{"line":34,"column":17},"end":{"line":34,"column":69}},"4":{"start":{"line":35,"column":4},"end":{"line":35,"column":22}},"5":{"start":{"line":46,"column":16},"end":{"line":46,"column":62}},"6":{"start":{"line":47,"column":4},"end":{"line":50,"column":5}},"7":{"start":{"line":48,"column":21},"end":{"line":48,"column":37}},"8":{"start":{"line":49,"column":8},"end":{"line":49,"column":71}},"9":{"start":{"line":51,"column":4},"end":{"line":51,"column":22}},"10":{"start":{"line":80,"column":21},"end":{"line":85,"column":6}},"11":{"start":{"line":87,"column":4},"end":{"line":90,"column":5}},"12":{"start":{"line":88,"column":26},"end":{"line":88,"column":47}},"13":{"start":{"line":89,"column":8},"end":{"line":89,"column":65}},"14":{"start":{"line":92,"column":19},"end":{"line":92,"column":44}},"15":{"start":{"line":97,"column":20},"end":{"line":97,"column":62}},"16":{"start":{"line":100,"column":21},"end":{"line":100,"column":23}},"17":{"start":{"line":102,"column":4},"end":{"line":147,"column":5}},"18":{"start":{"line":103,"column":8},"end":{"line":133,"column":9}},"19":{"start":{"line":104,"column":36},"end":{"line":104,"column":55}},"20":{"start":{"line":105,"column":12},"end":{"line":105,"column":28}},"21":{"start":{"line":105,"column":22},"end":{"line":105,"column":28}},"22":{"start":{"line":109,"column":12},"end":{"line":109,"column":66}},"23":{"start":{"line":113,"column":26},"end":{"line":113,"column":48}},"24":{"start":{"line":114,"column":12},"end":{"line":114,"column":43}},"25":{"start":{"line":116,"column":12},"end":{"line":132,"column":13}},"26":{"start":{"line":118,"column":32},"end":{"line":118,"column":46}},"27":{"start":{"line":120,"column":16},"end":{"line":120,"column":60}},"28":{"start":{"line":120,"column":51},"end":{"line":120,"column":60}},"29":{"start":{"line":122,"column":32},"end":{"line":122,"column":48}},"30":{"start":{"line":125,"column":16},"end":{"line":125,"column":49}},"31":{"start":{"line":125,"column":42},"end":{"line":125,"column":49}},"32":{"start":{"line":127,"column":16},"end":{"line":131,"column":17}},"33":{"start":{"line":128,"column":20},"end":{"line":128,"column":49}},"34":{"start":{"line":136,"column":21},"end":{"line":136,"column":37}},"35":{"start":{"line":137,"column":8},"end":{"line":142,"column":9}},"36":{"start":{"line":138,"column":28},"end":{"line":138,"column":48}},"37":{"start":{"line":139,"column":12},"end":{"line":141,"column":13}},"38":{"start":{"line":140,"column":16},"end":{"line":140,"column":76}},"39":{"start":{"line":140,"column":22},"end":{"line":140,"column":51}},"40":{"start":{"line":146,"column":8},"end":{"line":146,"column":29}},"41":{"start":{"line":161,"column":4},"end":{"line":161,"column":42}},"42":{"start":{"line":161,"column":31},"end":{"line":161,"column":42}},"43":{"start":{"line":162,"column":4},"end":{"line":162,"column":62}},"44":{"start":{"line":162,"column":22},"end":{"line":162,"column":62}},"45":{"start":{"line":163,"column":4},"end":{"line":163,"column":62}},"46":{"start":{"line":163,"column":22},"end":{"line":163,"column":62}},"47":{"start":{"line":164,"column":4},"end":{"line":164,"column":62}},"48":{"start":{"line":164,"column":22},"end":{"line":164,"column":62}},"49":{"start":{"line":165,"column":4},"end":{"line":165,"column":24}}},"fnMap":{"0":{"name":"apiGet","decl":{"start":{"line":32,"column":22},"end":{"line":32,"column":28}},"loc":{"start":{"line":32,"column":35},"end":{"line":36,"column":1}},"line":32},"1":{"name":"apiDelete","decl":{"start":{"line":45,"column":22},"end":{"line":45,"column":31}},"loc":{"start":{"line":45,"column":38},"end":{"line":52,"column":1}},"line":45},"2":{"name":"streamPost","decl":{"start":{"line":79,"column":22},"end":{"line":79,"column":32}},"loc":{"start":{"line":79,"column":62},"end":{"line":148,"column":1}},"line":79},"3":{"name":"formatBytes","decl":{"start":{"line":160,"column":16},"end":{"line":160,"column":27}},"loc":{"start":{"line":160,"column":35},"end":{"line":166,"column":1}},"line":160}},"branchMap":{"0":{"loc":{"start":{"line":34,"column":4},"end":{"line":34,"column":69}},"type":"if","locations":[{"start":{"line":34,"column":4},"end":{"line":34,"column":69}},{"start":{},"end":{}}],"line":34},"1":{"loc":{"start":{"line":47,"column":4},"end":{"line":50,"column":5}},"type":"if","locations":[{"start":{"line":47,"column":4},"end":{"line":50,"column":5}},{"start":{},"end":{}}],"line":47},"2":{"loc":{"start":{"line":49,"column":24},"end":{"line":49,"column":69}},"type":"binary-expr","locations":[{"start":{"line":49,"column":24},"end":{"line":49,"column":28}},{"start":{"line":49,"column":32},"end":{"line":49,"column":69}}],"line":49},"3":{"loc":{"start":{"line":87,"column":4},"end":{"line":90,"column":5}},"type":"if","locations":[{"start":{"line":87,"column":4},"end":{"line":90,"column":5}},{"start":{},"end":{}}],"line":87},"4":{"loc":{"start":{"line":105,"column":12},"end":{"line":105,"column":28}},"type":"if","locations":[{"start":{"line":105,"column":12},"end":{"line":105,"column":28}},{"start":{},"end":{}}],"line":105},"5":{"loc":{"start":{"line":114,"column":25},"end":{"line":114,"column":42}},"type":"binary-expr","locations":[{"start":{"line":114,"column":25},"end":{"line":114,"column":36}},{"start":{"line":114,"column":40},"end":{"line":114,"column":42}}],"line":114},"6":{"loc":{"start":{"line":120,"column":16},"end":{"line":120,"column":60}},"type":"if","locations":[{"start":{"line":120,"column":16},"end":{"line":120,"column":60}},{"start":{},"end":{}}],"line":120},"7":{"loc":{"start":{"line":125,"column":16},"end":{"line":125,"column":49}},"type":"if","locations":[{"start":{"line":125,"column":16},"end":{"line":125,"column":49}},{"start":{},"end":{}}],"line":125},"8":{"loc":{"start":{"line":137,"column":8},"end":{"line":142,"column":9}},"type":"if","locations":[{"start":{"line":137,"column":8},"end":{"line":142,"column":9}},{"start":{},"end":{}}],"line":137},"9":{"loc":{"start":{"line":139,"column":12},"end":{"line":141,"column":13}},"type":"if","locations":[{"start":{"line":139,"column":12},"end":{"line":141,"column":13}},{"start":{},"end":{}}],"line":139},"10":{"loc":{"start":{"line":139,"column":16},"end":{"line":139,"column":47}},"type":"binary-expr","locations":[{"start":{"line":139,"column":16},"end":{"line":139,"column":23}},{"start":{"line":139,"column":27},"end":{"line":139,"column":47}}],"line":139},"11":{"loc":{"start":{"line":161,"column":4},"end":{"line":161,"column":42}},"type":"if","locations":[{"start":{"line":161,"column":4},"end":{"line":161,"column":42}},{"start":{},"end":{}}],"line":161},"12":{"loc":{"start":{"line":161,"column":8},"end":{"line":161,"column":29}},"type":"binary-expr","locations":[{"start":{"line":161,"column":8},"end":{"line":161,"column":14}},{"start":{"line":161,"column":18},"end":{"line":161,"column":29}}],"line":161},"13":{"loc":{"start":{"line":162,"column":4},"end":{"line":162,"column":62}},"type":"if","locations":[{"start":{"line":162,"column":4},"end":{"line":162,"column":62}},{"start":{},"end":{}}],"line":162},"14":{"loc":{"start":{"line":163,"column":4},"end":{"line":163,"column":62}},"type":"if","locations":[{"start":{"line":163,"column":4},"end":{"line":163,"column":62}},{"start":{},"end":{}}],"line":163},"15":{"loc":{"start":{"line":164,"column":4},"end":{"line":164,"column":62}},"type":"if","locations":[{"start":{"line":164,"column":4},"end":{"line":164,"column":62}},{"start":{},"end":{}}],"line":164}},"s":{"0":7,"1":2,"2":2,"3":1,"4":1,"5":4,"6":4,"7":2,"8":2,"9":2,"10":4,"11":4,"12":1,"13":1,"14":3,"15":3,"16":3,"17":3,"18":3,"19":5,"20":5,"21":2,"22":3,"23":3,"24":3,"25":5,"26":7,"27":7,"28":3,"29":4,"30":4,"31":1,"32":3,"33":3,"34":2,"35":2,"36":1,"37":1,"38":1,"39":1,"40":3,"41":23,"42":16,"43":7,"44":7,"45":5,"46":5,"47":4,"48":4,"49":1},"f":{"0":2,"1":4,"2":4,"3":23},"b":{"0":[1,1],"1":[2,2],"2":[2,0],"3":[1,3],"4":[2,3],"5":[3,0],"6":[3,4],"7":[1,3],"8":[1,1],"9":[1,0],"10":[1,1],"11":[16,7],"12":[23,7],"13":[2,5],"14":[1,4],"15":[3,1]},"meta":{"lastBranch":16,"lastFunction":4,"lastStatement":50,"seen":{"s:19:13:19:15":0,"f:32:22:32:28":0,"s:33:16:33:40":1,"b:34:4:34:69:undefined:undefined:undefined:undefined":0,"s:34:4:34:69":2,"s:34:17:34:69":3,"s:35:4:35:22":4,"f:45:22:45:31":1,"s:46:16:46:62":5,"b:47:4:50:5:undefined:undefined:undefined:undefined":1,"s:47:4:50:5":6,"s:48:21:48:37":7,"s:49:8:49:71":8,"b:49:24:49:28:49:32:49:69":2,"s:51:4:51:22":9,"f:79:22:79:32":2,"s:80:21:85:6":10,"b:87:4:90:5:undefined:undefined:undefined:undefined":3,"s:87:4:90:5":11,"s:88:26:88:47":12,"s:89:8:89:65":13,"s:92:19:92:44":14,"s:97:20:97:62":15,"s:100:21:100:23":16,"s:102:4:147:5":17,"s:103:8:133:9":18,"s:104:36:104:55":19,"b:105:12:105:28:undefined:undefined:undefined:undefined":4,"s:105:12:105:28":20,"s:105:22:105:28":21,"s:109:12:109:66":22,"s:113:26:113:48":23,"s:114:12:114:43":24,"b:114:25:114:36:114:40:114:42":5,"s:116:12:132:13":25,"s:118:32:118:46":26,"b:120:16:120:60:undefined:undefined:undefined:undefined":6,"s:120:16:120:60":27,"s:120:51:120:60":28,"s:122:32:122:48":29,"b:125:16:125:49:undefined:undefined:undefined:undefined":7,"s:125:16:125:49":30,"s:125:42:125:49":31,"s:127:16:131:17":32,"s:128:20:128:49":33,"s:136:21:136:37":34,"b:137:8:142:9:undefined:undefined:undefined:undefined":8,"s:137:8:142:9":35,"s:138:28:138:48":36,"b:139:12:141:13:undefined:undefined:undefined:undefined":9,"s:139:12:141:13":37,"b:139:16:139:23:139:27:139:47":10,"s:140:16:140:76":38,"s:140:22:140:51":39,"s:146:8:146:29":40,"f:160:16:160:27":3,"b:161:4:161:42:undefined:undefined:undefined:undefined":11,"s:161:4:161:42":41,"b:161:8:161:14:161:18:161:29":12,"s:161:31:161:42":42,"b:162:4:162:62:undefined:undefined:undefined:undefined":13,"s:162:4:162:62":43,"s:162:22:162:62":44,"b:163:4:163:62:undefined:undefined:undefined:undefined":14,"s:163:4:163:62":45,"s:163:22:163:62":46,"b:164:4:164:62:undefined:undefined:undefined:undefined":15,"s:164:4:164:62":47,"s:164:22:164:62":48,"s:165:4:165:24":49}}}
,"F:\\Projects\\OllamaDashboard\\frontend\\src\\components\\CategoryPill.jsx": {"path":"F:\\Projects\\OllamaDashboard\\frontend\\src\\components\\CategoryPill.jsx","statementMap":{"0":{"start":{"line":16,"column":20},"end":{"line":22,"column":null}},"1":{"start":{"line":25,"column":19},"end":{"line":25,"column":null}},"2":{"start":{"line":27,"column":4},"end":{"line":38,"column":null}}},"fnMap":{"0":{"name":"CategoryPill","decl":{"start":{"line":24,"column":24},"end":{"line":24,"column":37}},"loc":{"start":{"line":24,"column":76},"end":{"line":38,"column":null}},"line":24}},"branchMap":{"0":{"loc":{"start":{"line":24,"column":39},"end":{"line":24,"column":58}},"type":"default-arg","locations":[{"start":{"line":24,"column":50},"end":{"line":24,"column":58}}],"line":24},"1":{"loc":{"start":{"line":24,"column":58},"end":{"line":24,"column":76}},"type":"default-arg","locations":[{"start":{"line":24,"column":70},"end":{"line":24,"column":76}}],"line":24},"2":{"loc":{"start":{"line":25,"column":19},"end":{"line":25,"column":null}},"type":"binary-expr","locations":[{"start":{"line":25,"column":19},"end":{"line":25,"column":44}},{"start":{"line":25,"column":44},"end":{"line":25,"column":null}}],"line":25}},"s":{"0":6,"1":29,"2":29},"f":{"0":29},"b":{"0":[29],"1":[29],"2":[29,1]},"meta":{"lastBranch":3,"lastFunction":1,"lastStatement":3,"seen":{"s:16:20:22:Infinity":0,"f:24:24:24:37":0,"b:24:50:24:58":0,"b:24:70:24:76":1,"s:25:19:25:Infinity":1,"b:25:19:25:44:25:44:25:Infinity":2,"s:27:4:38:Infinity":2}}}
,"F:\\Projects\\OllamaDashboard\\frontend\\src\\components\\StatusBar.jsx": {"path":"F:\\Projects\\OllamaDashboard\\frontend\\src\\components\\StatusBar.jsx","statementMap":{"0":{"start":{"line":6,"column":25},"end":{"line":6,"column":null}},"1":{"start":{"line":15,"column":19},"end":{"line":15,"column":74}},"2":{"start":{"line":17,"column":24},"end":{"line":23,"column":null}},"3":{"start":{"line":18,"column":8},"end":{"line":23,"column":null}},"4":{"start":{"line":19,"column":25},"end":{"line":19,"column":52}},"5":{"start":{"line":20,"column":12},"end":{"line":20,"column":null}},"6":{"start":{"line":23,"column":12},"end":{"line":23,"column":null}},"7":{"start":{"line":27,"column":4},"end":{"line":32,"column":null}},"8":{"start":{"line":28,"column":8},"end":{"line":28,"column":null}},"9":{"start":{"line":30,"column":19},"end":{"line":30,"column":61}},"10":{"start":{"line":31,"column":8},"end":{"line":31,"column":null}},"11":{"start":{"line":31,"column":21},"end":{"line":31,"column":38}},"12":{"start":{"line":34,"column":4},"end":{"line":47,"column":null}},"13":{"start":{"line":59,"column":22},"end":{"line":59,"column":null}},"14":{"start":{"line":60,"column":21},"end":{"line":60,"column":null}},"15":{"start":{"line":62,"column":17},"end":{"line":62,"column":null}},"16":{"start":{"line":64,"column":4},"end":{"line":70,"column":null}},"17":{"start":{"line":65,"column":8},"end":{"line":70,"column":null}},"18":{"start":{"line":75,"column":4},"end":{"line":87,"column":null}}},"fnMap":{"0":{"name":"StatusBar","decl":{"start":{"line":14,"column":24},"end":{"line":14,"column":36}},"loc":{"start":{"line":14,"column":36},"end":{"line":47,"column":null}},"line":14},"1":{"name":"(anonymous_1)","decl":{"start":{"line":17,"column":24},"end":{"line":17,"column":36}},"loc":{"start":{"line":17,"column":36},"end":{"line":23,"column":null}},"line":17},"2":{"name":"(anonymous_2)","decl":{"start":{"line":27,"column":4},"end":{"line":27,"column":20}},"loc":{"start":{"line":27,"column":20},"end":{"line":32,"column":9}},"line":27},"3":{"name":"(anonymous_3)","decl":{"start":{"line":31,"column":8},"end":{"line":31,"column":21}},"loc":{"start":{"line":31,"column":21},"end":{"line":31,"column":38}},"line":31},"4":{"name":"StatusPill","decl":{"start":{"line":57,"column":9},"end":{"line":57,"column":20}},"loc":{"start":{"line":57,"column":56},"end":{"line":87,"column":null}},"line":57}},"branchMap":{"0":{"loc":{"start":{"line":62,"column":17},"end":{"line":62,"column":null}},"type":"cond-expr","locations":[{"start":{"line":62,"column":41},"end":{"line":62,"column":50}},{"start":{"line":62,"column":50},"end":{"line":62,"column":null}}],"line":62},"1":{"loc":{"start":{"line":62,"column":17},"end":{"line":62,"column":41}},"type":"binary-expr","locations":[{"start":{"line":62,"column":17},"end":{"line":62,"column":29}},{"start":{"line":62,"column":29},"end":{"line":62,"column":41}}],"line":62},"2":{"loc":{"start":{"line":64,"column":4},"end":{"line":70,"column":null}},"type":"if","locations":[{"start":{"line":64,"column":4},"end":{"line":70,"column":null}},{"start":{},"end":{}}],"line":64},"3":{"loc":{"start":{"line":76,"column":24},"end":{"line":76,"column":null}},"type":"cond-expr","locations":[{"start":{"line":76,"column":35},"end":{"line":76,"column":51}},{"start":{"line":76,"column":51},"end":{"line":76,"column":null}}],"line":76},"4":{"loc":{"start":{"line":81,"column":20},"end":{"line":83,"column":null}},"type":"cond-expr","locations":[{"start":{"line":82,"column":26},"end":{"line":82,"column":null}},{"start":{"line":83,"column":26},"end":{"line":83,"column":null}}],"line":81}},"s":{"0":2,"1":19,"2":19,"3":7,"4":7,"5":5,"6":1,"7":19,"8":7,"9":7,"10":7,"11":7,"12":19,"13":36,"14":36,"15":36,"16":36,"17":16,"18":20},"f":{"0":19,"1":7,"2":7,"3":7,"4":36},"b":{"0":[34,2],"1":[36,18],"2":[16,20],"3":[18,2],"4":[18,2]},"meta":{"lastBranch":5,"lastFunction":5,"lastStatement":19,"seen":{"s:6:25:6:Infinity":0,"f:14:24:14:36":0,"s:15:19:15:74":1,"s:17:24:23:Infinity":2,"f:17:24:17:36":1,"s:18:8:23:Infinity":3,"s:19:25:19:52":4,"s:20:12:20:Infinity":5,"s:23:12:23:Infinity":6,"s:27:4:32:Infinity":7,"f:27:4:27:20":2,"s:28:8:28:Infinity":8,"s:30:19:30:61":9,"s:31:8:31:Infinity":10,"f:31:8:31:21":3,"s:31:21:31:38":11,"s:34:4:47:Infinity":12,"f:57:9:57:20":4,"s:59:22:59:Infinity":13,"s:60:21:60:Infinity":14,"s:62:17:62:Infinity":15,"b:62:41:62:50:62:50:62:Infinity":0,"b:62:17:62:29:62:29:62:41":1,"b:64:4:70:Infinity:undefined:undefined:undefined:undefined":2,"s:64:4:70:Infinity":16,"s:65:8:70:Infinity":17,"s:75:4:87:Infinity":18,"b:76:35:76:51:76:51:76:Infinity":3,"b:82:26:82:Infinity:83:26:83:Infinity":4}}}
,"F:\\Projects\\OllamaDashboard\\frontend\\src\\components\\ModelHub\\AvailableList.jsx": {"path":"F:\\Projects\\OllamaDashboard\\frontend\\src\\components\\ModelHub\\AvailableList.jsx","statementMap":{"0":{"start":{"line":13,"column":18},"end":{"line":13,"column":57}},"1":{"start":{"line":14,"column":4},"end":{"line":14,"column":null}},"2":{"start":{"line":14,"column":16},"end":{"line":14,"column":null}},"3":{"start":{"line":15,"column":18},"end":{"line":15,"column":38}},"4":{"start":{"line":16,"column":17},"end":{"line":16,"column":39}},"5":{"start":{"line":17,"column":4},"end":{"line":17,"column":null}},"6":{"start":{"line":17,"column":23},"end":{"line":17,"column":null}},"7":{"start":{"line":18,"column":4},"end":{"line":18,"column":null}},"8":{"start":{"line":18,"column":23},"end":{"line":18,"column":null}},"9":{"start":{"line":19,"column":4},"end":{"line":19,"column":null}},"10":{"start":{"line":19,"column":23},"end":{"line":19,"column":null}},"11":{"start":{"line":20,"column":4},"end":{"line":20,"column":null}},"12":{"start":{"line":24,"column":21},"end":{"line":28,"column":null}},"13":{"start":{"line":50,"column":19},"end":{"line":50,"column":null}},"14":{"start":{"line":54,"column":19},"end":{"line":54,"column":44}},"15":{"start":{"line":55,"column":19},"end":{"line":55,"column":51}},"16":{"start":{"line":58,"column":10},"end":{"line":78,"column":32}},"17":{"start":{"line":59,"column":18},"end":{"line":59,"column":45}},"18":{"start":{"line":62,"column":25},"end":{"line":69,"column":null}},"19":{"start":{"line":64,"column":17},"end":{"line":67,"column":67}},"20":{"start":{"line":72,"column":8},"end":{"line":72,"column":null}},"21":{"start":{"line":72,"column":34},"end":{"line":72,"column":null}},"22":{"start":{"line":74,"column":8},"end":{"line":77,"column":null}},"23":{"start":{"line":75,"column":25},"end":{"line":75,"column":66}},"24":{"start":{"line":76,"column":12},"end":{"line":76,"column":null}},"25":{"start":{"line":80,"column":4},"end":{"line":229,"column":null}},"26":{"start":{"line":101,"column":41},"end":{"line":101,"column":66}},"27":{"start":{"line":115,"column":41},"end":{"line":115,"column":66}},"28":{"start":{"line":120,"column":28},"end":{"line":122,"column":null}},"29":{"start":{"line":134,"column":39},"end":{"line":134,"column":52}},"30":{"start":{"line":145,"column":38},"end":{"line":145,"column":68}},"31":{"start":{"line":146,"column":38},"end":{"line":146,"column":null}},"32":{"start":{"line":148,"column":20},"end":{"line":226,"column":null}},"33":{"start":{"line":179,"column":55},"end":{"line":179,"column":76}},"34":{"start":{"line":216,"column":36},"end":{"line":223,"column":null}}},"fnMap":{"0":{"name":"parseSizeGB","decl":{"start":{"line":12,"column":9},"end":{"line":12,"column":21}},"loc":{"start":{"line":12,"column":35},"end":{"line":20,"column":null}},"line":12},"1":{"name":"AvailableList","decl":{"start":{"line":47,"column":24},"end":{"line":47,"column":38}},"loc":{"start":{"line":47,"column":90},"end":{"line":229,"column":null}},"line":47},"2":{"name":"(anonymous_2)","decl":{"start":{"line":58,"column":26},"end":{"line":58,"column":40}},"loc":{"start":{"line":58,"column":40},"end":{"line":78,"column":8}},"line":58},"3":{"name":"(anonymous_3)","decl":{"start":{"line":63,"column":21},"end":{"line":63,"column":null}},"loc":{"start":{"line":64,"column":17},"end":{"line":67,"column":67}},"line":64},"4":{"name":"(anonymous_4)","decl":{"start":{"line":74,"column":29},"end":{"line":74,"column":35}},"loc":{"start":{"line":74,"column":44},"end":{"line":77,"column":null}},"line":74},"5":{"name":"(anonymous_5)","decl":{"start":{"line":101,"column":24},"end":{"line":101,"column":35}},"loc":{"start":{"line":101,"column":41},"end":{"line":101,"column":66}},"line":101},"6":{"name":"(anonymous_6)","decl":{"start":{"line":115,"column":24},"end":{"line":115,"column":35}},"loc":{"start":{"line":115,"column":41},"end":{"line":115,"column":66}},"line":115},"7":{"name":"(anonymous_7)","decl":{"start":{"line":119,"column":38},"end":{"line":119,"column":43}},"loc":{"start":{"line":120,"column":28},"end":{"line":122,"column":null}},"line":120},"8":{"name":"(anonymous_8)","decl":{"start":{"line":134,"column":24},"end":{"line":134,"column":39}},"loc":{"start":{"line":134,"column":39},"end":{"line":134,"column":52}},"line":134},"9":{"name":"(anonymous_9)","decl":{"start":{"line":144,"column":31},"end":{"line":144,"column":36}},"loc":{"start":{"line":144,"column":46},"end":{"line":226,"column":null}},"line":144},"10":{"name":"(anonymous_10)","decl":{"start":{"line":179,"column":40},"end":{"line":179,"column":55}},"loc":{"start":{"line":179,"column":55},"end":{"line":179,"column":76}},"line":179},"11":{"name":"(anonymous_11)","decl":{"start":{"line":215,"column":52},"end":{"line":215,"column":57}},"loc":{"start":{"line":216,"column":36},"end":{"line":223,"column":null}},"line":216}},"branchMap":{"0":{"loc":{"start":{"line":12,"column":21},"end":{"line":12,"column":35}},"type":"default-arg","locations":[{"start":{"line":12,"column":31},"end":{"line":12,"column":35}}],"line":12},"1":{"loc":{"start":{"line":14,"column":4},"end":{"line":14,"column":null}},"type":"if","locations":[{"start":{"line":14,"column":4},"end":{"line":14,"column":null}},{"start":{},"end":{}}],"line":14},"2":{"loc":{"start":{"line":17,"column":4},"end":{"line":17,"column":null}},"type":"if","locations":[{"start":{"line":17,"column":4},"end":{"line":17,"column":null}},{"start":{},"end":{}}],"line":17},"3":{"loc":{"start":{"line":18,"column":4},"end":{"line":18,"column":null}},"type":"if","locations":[{"start":{"line":18,"column":4},"end":{"line":18,"column":null}},{"start":{},"end":{}}],"line":18},"4":{"loc":{"start":{"line":19,"column":4},"end":{"line":19,"column":null}},"type":"if","locations":[{"start":{"line":19,"column":4},"end":{"line":19,"column":null}},{"start":{},"end":{}}],"line":19},"5":{"loc":{"start":{"line":62,"column":25},"end":{"line":69,"column":null}},"type":"cond-expr","locations":[{"start":{"line":63,"column":14},"end":{"line":67,"column":null}},{"start":{"line":69,"column":14},"end":{"line":69,"column":null}}],"line":62},"6":{"loc":{"start":{"line":64,"column":17},"end":{"line":67,"column":67}},"type":"binary-expr","locations":[{"start":{"line":64,"column":17},"end":{"line":65,"column":60}},{"start":{"line":65,"column":60},"end":{"line":66,"column":63}},{"start":{"line":66,"column":63},"end":{"line":67,"column":67}}],"line":64},"7":{"loc":{"start":{"line":67,"column":21},"end":{"line":67,"column":42}},"type":"binary-expr","locations":[{"start":{"line":67,"column":21},"end":{"line":67,"column":38}},{"start":{"line":67,"column":38},"end":{"line":67,"column":42}}],"line":67},"8":{"loc":{"start":{"line":72,"column":8},"end":{"line":72,"column":null}},"type":"if","locations":[{"start":{"line":72,"column":8},"end":{"line":72,"column":null}},{"start":{},"end":{}}],"line":72},"9":{"loc":{"start":{"line":76,"column":19},"end":{"line":76,"column":null}},"type":"cond-expr","locations":[{"start":{"line":76,"column":43},"end":{"line":76,"column":50}},{"start":{"line":76,"column":50},"end":{"line":76,"column":null}}],"line":76},"10":{"loc":{"start":{"line":129,"column":13},"end":{"line":138,"column":null}},"type":"binary-expr","locations":[{"start":{"line":129,"column":13},"end":{"line":129,"column":null}},{"start":{"line":130,"column":16},"end":{"line":138,"column":null}}],"line":129},"11":{"loc":{"start":{"line":160,"column":45},"end":{"line":160,"column":null}},"type":"binary-expr","locations":[{"start":{"line":160,"column":45},"end":{"line":160,"column":62}},{"start":{"line":160,"column":62},"end":{"line":160,"column":null}}],"line":160},"12":{"loc":{"start":{"line":162,"column":41},"end":{"line":162,"column":null}},"type":"binary-expr","locations":[{"start":{"line":162,"column":41},"end":{"line":162,"column":59}},{"start":{"line":162,"column":59},"end":{"line":162,"column":null}}],"line":162},"13":{"loc":{"start":{"line":168,"column":33},"end":{"line":194,"column":null}},"type":"cond-expr","locations":[{"start":{"line":169,"column":36},"end":{"line":178,"column":37}},{"start":{"line":178,"column":36},"end":{"line":194,"column":null}}],"line":168},"14":{"loc":{"start":{"line":183,"column":41},"end":{"line":192,"column":null}},"type":"cond-expr","locations":[{"start":{"line":184,"column":44},"end":{"line":187,"column":null}},{"start":{"line":189,"column":44},"end":{"line":192,"column":null}}],"line":183},"15":{"loc":{"start":{"line":205,"column":33},"end":{"line":209,"column":null}},"type":"binary-expr","locations":[{"start":{"line":205,"column":33},"end":{"line":205,"column":null}},{"start":{"line":206,"column":36},"end":{"line":209,"column":null}}],"line":205},"16":{"loc":{"start":{"line":215,"column":34},"end":{"line":215,"column":50}},"type":"binary-expr","locations":[{"start":{"line":215,"column":34},"end":{"line":215,"column":48}},{"start":{"line":215,"column":48},"end":{"line":215,"column":50}}],"line":215}},"s":{"0":32,"1":32,"2":5,"3":27,"4":27,"5":27,"6":12,"7":15,"8":9,"9":6,"10":6,"11":0,"12":3,"13":43,"14":43,"15":43,"16":43,"17":31,"18":31,"19":10,"20":31,"21":29,"22":2,"23":16,"24":16,"25":43,"26":2,"27":2,"28":129,"29":1,"30":49,"31":49,"32":49,"33":4,"34":0},"f":{"0":32,"1":43,"2":31,"3":10,"4":16,"5":2,"6":2,"7":129,"8":1,"9":49,"10":4,"11":0},"b":{"0":[32],"1":[5,27],"2":[12,15],"3":[9,6],"4":[6,0],"5":[2,29],"6":[10,10,9],"7":[9,7],"8":[29,2],"9":[9,7],"10":[43,22],"11":[49,41],"12":[49,0],"13":[1,48],"14":[5,43],"15":[49,0],"16":[49,49]},"meta":{"lastBranch":17,"lastFunction":12,"lastStatement":35,"seen":{"f:12:9:12:21":0,"b:12:31:12:35":0,"s:13:18:13:57":0,"b:14:4:14:Infinity:undefined:undefined:undefined:undefined":1,"s:14:4:14:Infinity":1,"s:14:16:14:Infinity":2,"s:15:18:15:38":3,"s:16:17:16:39":4,"b:17:4:17:Infinity:undefined:undefined:undefined:undefined":2,"s:17:4:17:Infinity":5,"s:17:23:17:Infinity":6,"b:18:4:18:Infinity:undefined:undefined:undefined:undefined":3,"s:18:4:18:Infinity":7,"s:18:23:18:Infinity":8,"b:19:4:19:Infinity:undefined:undefined:undefined:undefined":4,"s:19:4:19:Infinity":9,"s:19:23:19:Infinity":10,"s:20:4:20:Infinity":11,"s:24:21:28:Infinity":12,"f:47:24:47:38":1,"s:50:19:50:Infinity":13,"s:54:19:54:44":14,"s:55:19:55:51":15,"s:58:10:78:32":16,"f:58:26:58:40":2,"s:59:18:59:45":17,"s:62:25:69:Infinity":18,"b:63:14:67:Infinity:69:14:69:Infinity":5,"f:63:21:63:Infinity":3,"s:64:17:67:67":19,"b:64:17:65:60:65:60:66:63:66:63:67:67":6,"b:67:21:67:38:67:38:67:42":7,"b:72:8:72:Infinity:undefined:undefined:undefined:undefined":8,"s:72:8:72:Infinity":20,"s:72:34:72:Infinity":21,"s:74:8:77:Infinity":22,"f:74:29:74:35":4,"s:75:25:75:66":23,"s:76:12:76:Infinity":24,"b:76:43:76:50:76:50:76:Infinity":9,"s:80:4:229:Infinity":25,"f:101:24:101:35":5,"s:101:41:101:66":26,"f:115:24:115:35":6,"s:115:41:115:66":27,"f:119:38:119:43":7,"s:120:28:122:Infinity":28,"b:129:13:129:Infinity:130:16:138:Infinity":10,"f:134:24:134:39":8,"s:134:39:134:52":29,"f:144:31:144:36":9,"s:145:38:145:68":30,"s:146:38:146:Infinity":31,"s:148:20:226:Infinity":32,"b:160:45:160:62:160:62:160:Infinity":11,"b:162:41:162:59:162:59:162:Infinity":12,"b:169:36:178:37:178:36:194:Infinity":13,"f:179:40:179:55":10,"s:179:55:179:76":33,"b:184:44:187:Infinity:189:44:192:Infinity":14,"b:205:33:205:Infinity:206:36:209:Infinity":15,"b:215:34:215:48:215:48:215:50":16,"f:215:52:215:57":11,"s:216:36:223:Infinity":34}}}
,"F:\\Projects\\OllamaDashboard\\frontend\\src\\components\\ModelHub\\DownloadProgress.jsx": {"path":"F:\\Projects\\OllamaDashboard\\frontend\\src\\components\\ModelHub\\DownloadProgress.jsx","statementMap":{"0":{"start":{"line":15,"column":4},"end":{"line":15,"column":null}},"1":{"start":{"line":15,"column":20},"end":{"line":15,"column":null}},"2":{"start":{"line":17,"column":39},"end":{"line":17,"column":null}},"3":{"start":{"line":20,"column":28},"end":{"line":20,"column":67}},"4":{"start":{"line":22,"column":4},"end":{"line":70,"column":null}}},"fnMap":{"0":{"name":"DownloadProgress","decl":{"start":{"line":14,"column":24},"end":{"line":14,"column":41}},"loc":{"start":{"line":14,"column":56},"end":{"line":70,"column":null}},"line":14}},"branchMap":{"0":{"loc":{"start":{"line":15,"column":4},"end":{"line":15,"column":null}},"type":"if","locations":[{"start":{"line":15,"column":4},"end":{"line":15,"column":null}},{"start":{},"end":{}}],"line":15},"1":{"loc":{"start":{"line":20,"column":28},"end":{"line":20,"column":67}},"type":"binary-expr","locations":[{"start":{"line":20,"column":28},"end":{"line":20,"column":46}},{"start":{"line":20,"column":46},"end":{"line":20,"column":67}}],"line":20},"2":{"loc":{"start":{"line":39,"column":21},"end":{"line":41,"column":null}},"type":"binary-expr","locations":[{"start":{"line":39,"column":21},"end":{"line":39,"column":null}},{"start":{"line":40,"column":24},"end":{"line":41,"column":null}}],"line":39},"3":{"loc":{"start":{"line":48,"column":21},"end":{"line":63,"column":null}},"type":"cond-expr","locations":[{"start":{"line":50,"column":24},"end":{"line":58,"column":25}},{"start":{"line":58,"column":24},"end":{"line":63,"column":null}}],"line":48}},"s":{"0":9,"1":1,"2":8,"3":8,"4":9},"f":{"0":9},"b":{"0":[1,8],"1":[8,6],"2":[9,2],"3":[6,2]},"meta":{"lastBranch":4,"lastFunction":1,"lastStatement":5,"seen":{"f:14:24:14:41":0,"b:15:4:15:Infinity:undefined:undefined:undefined:undefined":0,"s:15:4:15:Infinity":0,"s:15:20:15:Infinity":1,"s:17:39:17:Infinity":2,"s:20:28:20:67":3,"b:20:28:20:46:20:46:20:67":1,"s:22:4:70:Infinity":4,"b:39:21:39:Infinity:40:24:41:Infinity":2,"b:50:24:58:25:58:24:63:Infinity":3}}}
,"F:\\Projects\\OllamaDashboard\\frontend\\src\\components\\ModelHub\\InstalledList.jsx": {"path":"F:\\Projects\\OllamaDashboard\\frontend\\src\\components\\ModelHub\\InstalledList.jsx","statementMap":{"0":{"start":{"line":19,"column":4},"end":{"line":53,"column":null}},"1":{"start":{"line":45,"column":20},"end":{"line":51,"column":null}},"2":{"start":{"line":64,"column":19},"end":{"line":64,"column":null}},"3":{"start":{"line":65,"column":19},"end":{"line":65,"column":null}},"4":{"start":{"line":67,"column":4},"end":{"line":118,"column":null}},"5":{"start":{"line":104,"column":35},"end":{"line":104,"column":55}},"6":{"start":{"line":113,"column":35},"end":{"line":113,"column":55}}},"fnMap":{"0":{"name":"InstalledList","decl":{"start":{"line":18,"column":24},"end":{"line":18,"column":38}},"loc":{"start":{"line":18,"column":83},"end":{"line":53,"column":null}},"line":18},"1":{"name":"(anonymous_1)","decl":{"start":{"line":44,"column":24},"end":{"line":44,"column":29}},"loc":{"start":{"line":45,"column":20},"end":{"line":51,"column":null}},"line":45},"2":{"name":"ModelCard","decl":{"start":{"line":63,"column":9},"end":{"line":63,"column":19}},"loc":{"start":{"line":63,"column":62},"end":{"line":118,"column":null}},"line":63},"3":{"name":"(anonymous_3)","decl":{"start":{"line":104,"column":20},"end":{"line":104,"column":35}},"loc":{"start":{"line":104,"column":35},"end":{"line":104,"column":55}},"line":104},"4":{"name":"(anonymous_4)","decl":{"start":{"line":113,"column":20},"end":{"line":113,"column":35}},"loc":{"start":{"line":113,"column":35},"end":{"line":113,"column":55}},"line":113}},"branchMap":{"0":{"loc":{"start":{"line":26,"column":46},"end":{"line":26,"column":77}},"type":"cond-expr","locations":[{"start":{"line":26,"column":68},"end":{"line":26,"column":74}},{"start":{"line":26,"column":74},"end":{"line":26,"column":77}}],"line":26},"1":{"loc":{"start":{"line":32,"column":13},"end":{"line":38,"column":null}},"type":"binary-expr","locations":[{"start":{"line":32,"column":13},"end":{"line":32,"column":null}},{"start":{"line":33,"column":16},"end":{"line":38,"column":null}}],"line":32},"2":{"loc":{"start":{"line":88,"column":21},"end":{"line":89,"column":null}},"type":"binary-expr","locations":[{"start":{"line":88,"column":21},"end":{"line":88,"column":null}},{"start":{"line":89,"column":24},"end":{"line":89,"column":null}}],"line":88},"3":{"loc":{"start":{"line":91,"column":21},"end":{"line":92,"column":null}},"type":"binary-expr","locations":[{"start":{"line":91,"column":21},"end":{"line":91,"column":null}},{"start":{"line":92,"column":24},"end":{"line":92,"column":null}}],"line":91},"4":{"loc":{"start":{"line":109,"column":52},"end":{"line":109,"column":88}},"type":"cond-expr","locations":[{"start":{"line":109,"column":65},"end":{"line":109,"column":82}},{"start":{"line":109,"column":82},"end":{"line":109,"column":88}}],"line":109},"5":{"loc":{"start":{"line":110,"column":21},"end":{"line":110,"column":null}},"type":"cond-expr","locations":[{"start":{"line":110,"column":34},"end":{"line":110,"column":48}},{"start":{"line":110,"column":48},"end":{"line":110,"column":null}}],"line":110}},"s":{"0":37,"1":17,"2":17,"3":17,"4":17,"5":2,"6":4},"f":{"0":37,"1":17,"2":17,"3":2,"4":4},"b":{"0":[26,11],"1":[37,23],"2":[17,1],"3":[17,2],"4":[2,15],"5":[2,15]},"meta":{"lastBranch":6,"lastFunction":5,"lastStatement":7,"seen":{"f:18:24:18:38":0,"s:19:4:53:Infinity":0,"b:26:68:26:74:26:74:26:77":0,"b:32:13:32:Infinity:33:16:38:Infinity":1,"f:44:24:44:29":1,"s:45:20:51:Infinity":1,"f:63:9:63:19":2,"s:64:19:64:Infinity":2,"s:65:19:65:Infinity":3,"s:67:4:118:Infinity":4,"b:88:21:88:Infinity:89:24:89:Infinity":2,"b:91:21:91:Infinity:92:24:92:Infinity":3,"f:104:20:104:35":3,"s:104:35:104:55":5,"b:109:65:109:82:109:82:109:88":4,"b:110:34:110:48:110:48:110:Infinity":5,"f:113:20:113:35":4,"s:113:35:113:55":6}}}
,"F:\\Projects\\OllamaDashboard\\frontend\\src\\components\\ModelHub\\ModelHub.jsx": {"path":"F:\\Projects\\OllamaDashboard\\frontend\\src\\components\\ModelHub\\ModelHub.jsx","statementMap":{"0":{"start":{"line":19,"column":28},"end":{"line":19,"column":62}},"1":{"start":{"line":20,"column":22},"end":{"line":20,"column":52}},"2":{"start":{"line":23,"column":4},"end":{"line":27,"column":null}},"3":{"start":{"line":24,"column":8},"end":{"line":26,"column":null}},"4":{"start":{"line":25,"column":25},"end":{"line":25,"column":59}},"5":{"start":{"line":30,"column":27},"end":{"line":30,"column":70}},"6":{"start":{"line":30,"column":62},"end":{"line":30,"column":69}},"7":{"start":{"line":38,"column":26},"end":{"line":66,"column":null}},"8":{"start":{"line":39,"column":8},"end":{"line":39,"column":null}},"9":{"start":{"line":41,"column":8},"end":{"line":66,"column":null}},"10":{"start":{"line":42,"column":12},"end":{"line":58,"column":null}},"11":{"start":{"line":43,"column":16},"end":{"line":45,"column":null}},"12":{"start":{"line":44,"column":20},"end":{"line":44,"column":null}},"13":{"start":{"line":44,"column":44},"end":{"line":44,"column":90}},"14":{"start":{"line":45,"column":20},"end":{"line":45,"column":null}},"15":{"start":{"line":49,"column":20},"end":{"line":51,"column":null}},"16":{"start":{"line":53,"column":16},"end":{"line":57,"column":null}},"17":{"start":{"line":60,"column":12},"end":{"line":62,"column":null}},"18":{"start":{"line":61,"column":16},"end":{"line":61,"column":null}},"19":{"start":{"line":61,"column":40},"end":{"line":61,"column":87}},"20":{"start":{"line":62,"column":16},"end":{"line":62,"column":null}},"21":{"start":{"line":62,"column":41},"end":{"line":62,"column":60}},"22":{"start":{"line":65,"column":12},"end":{"line":65,"column":null}},"23":{"start":{"line":66,"column":12},"end":{"line":66,"column":null}},"24":{"start":{"line":74,"column":25},"end":{"line":80,"column":null}},"25":{"start":{"line":75,"column":8},"end":{"line":77,"column":null}},"26":{"start":{"line":76,"column":12},"end":{"line":76,"column":null}},"27":{"start":{"line":80,"column":8},"end":{"line":80,"column":null}},"28":{"start":{"line":87,"column":10},"end":{"line":87,"column":54}},"29":{"start":{"line":87,"column":35},"end":{"line":87,"column":54}},"30":{"start":{"line":89,"column":4},"end":{"line":107,"column":null}}},"fnMap":{"0":{"name":"ModelHub","decl":{"start":{"line":18,"column":24},"end":{"line":18,"column":33}},"loc":{"start":{"line":18,"column":70},"end":{"line":107,"column":null}},"line":18},"1":{"name":"(anonymous_1)","decl":{"start":{"line":23,"column":4},"end":{"line":23,"column":20}},"loc":{"start":{"line":23,"column":20},"end":{"line":27,"column":9}},"line":23},"2":{"name":"(anonymous_2)","decl":{"start":{"line":25,"column":13},"end":{"line":25,"column":19}},"loc":{"start":{"line":25,"column":25},"end":{"line":25,"column":59}},"line":25},"3":{"name":"(anonymous_3)","decl":{"start":{"line":26,"column":13},"end":{"line":26,"column":25}},"loc":{"start":{"line":26,"column":25},"end":{"line":26,"column":29}},"line":26},"4":{"name":"(anonymous_4)","decl":{"start":{"line":30,"column":51},"end":{"line":30,"column":56}},"loc":{"start":{"line":30,"column":62},"end":{"line":30,"column":69}},"line":30},"5":{"name":"(anonymous_5)","decl":{"start":{"line":38,"column":26},"end":{"line":38,"column":33}},"loc":{"start":{"line":38,"column":42},"end":{"line":66,"column":null}},"line":38},"6":{"name":"(anonymous_6)","decl":{"start":{"line":42,"column":57},"end":{"line":42,"column":60}},"loc":{"start":{"line":42,"column":70},"end":{"line":58,"column":null}},"line":42},"7":{"name":"(anonymous_7)","decl":{"start":{"line":44,"column":20},"end":{"line":44,"column":34}},"loc":{"start":{"line":44,"column":44},"end":{"line":44,"column":90}},"line":44},"8":{"name":"(anonymous_8)","decl":{"start":{"line":61,"column":16},"end":{"line":61,"column":30}},"loc":{"start":{"line":61,"column":40},"end":{"line":61,"column":87}},"line":61},"9":{"name":"(anonymous_9)","decl":{"start":{"line":62,"column":26},"end":{"line":62,"column":35}},"loc":{"start":{"line":62,"column":41},"end":{"line":62,"column":60}},"line":62},"10":{"name":"(anonymous_10)","decl":{"start":{"line":74,"column":25},"end":{"line":74,"column":32}},"loc":{"start":{"line":74,"column":41},"end":{"line":80,"column":null}},"line":74},"11":{"name":"(anonymous_11)","decl":{"start":{"line":87,"column":10},"end":{"line":87,"column":26}},"loc":{"start":{"line":87,"column":35},"end":{"line":87,"column":54}},"line":87}},"branchMap":{"0":{"loc":{"start":{"line":25,"column":44},"end":{"line":25,"column":58}},"type":"binary-expr","locations":[{"start":{"line":25,"column":44},"end":{"line":25,"column":56}},{"start":{"line":25,"column":56},"end":{"line":25,"column":58}}],"line":25},"1":{"loc":{"start":{"line":43,"column":16},"end":{"line":45,"column":null}},"type":"if","locations":[{"start":{"line":43,"column":16},"end":{"line":45,"column":null}},{"start":{},"end":{}}],"line":43},"2":{"loc":{"start":{"line":49,"column":20},"end":{"line":51,"column":null}},"type":"cond-expr","locations":[{"start":{"line":50,"column":26},"end":{"line":50,"column":75}},{"start":{"line":51,"column":26},"end":{"line":51,"column":null}}],"line":49},"3":{"loc":{"start":{"line":49,"column":20},"end":{"line":49,"column":null}},"type":"binary-expr","locations":[{"start":{"line":49,"column":20},"end":{"line":49,"column":39}},{"start":{"line":49,"column":39},"end":{"line":49,"column":null}}],"line":49},"4":{"loc":{"start":{"line":55,"column":28},"end":{"line":55,"column":null}},"type":"binary-expr","locations":[{"start":{"line":55,"column":28},"end":{"line":55,"column":44}},{"start":{"line":55,"column":44},"end":{"line":55,"column":null}}],"line":55},"5":{"loc":{"start":{"line":56,"column":30},"end":{"line":56,"column":null}},"type":"binary-expr","locations":[{"start":{"line":56,"column":30},"end":{"line":56,"column":42}},{"start":{"line":56,"column":42},"end":{"line":56,"column":65}},{"start":{"line":56,"column":65},"end":{"line":56,"column":null}}],"line":56},"6":{"loc":{"start":{"line":60,"column":12},"end":{"line":62,"column":null}},"type":"if","locations":[{"start":{"line":60,"column":12},"end":{"line":62,"column":null}},{"start":{},"end":{}}],"line":60},"7":{"loc":{"start":{"line":92,"column":13},"end":{"line":95,"column":13}},"type":"binary-expr","locations":[{"start":{"line":92,"column":13},"end":{"line":92,"column":26}},{"start":{"line":92,"column":26},"end":{"line":95,"column":13}}],"line":92}},"s":{"0":34,"1":34,"2":34,"3":12,"4":10,"5":34,"6":14,"7":34,"8":4,"9":4,"10":4,"11":3,"12":1,"13":1,"14":1,"15":2,"16":3,"17":1,"18":1,"19":1,"20":1,"21":1,"22":4,"23":4,"24":34,"25":3,"26":3,"27":3,"28":34,"29":1,"30":34},"f":{"0":34,"1":12,"2":10,"3":2,"4":14,"5":4,"6":3,"7":1,"8":1,"9":1,"10":3,"11":1},"b":{"0":[10,4],"1":[1,2],"2":[1,1],"3":[2,1],"4":[3,0],"5":[3,1,1],"6":[1,0],"7":[34,6]},"meta":{"lastBranch":8,"lastFunction":12,"lastStatement":31,"seen":{"f:18:24:18:33":0,"s:19:28:19:62":0,"s:20:22:20:52":1,"s:23:4:27:Infinity":2,"f:23:4:23:20":1,"s:24:8:26:Infinity":3,"f:25:13:25:19":2,"s:25:25:25:59":4,"b:25:44:25:56:25:56:25:58":0,"f:26:13:26:25":3,"s:30:27:30:70":5,"f:30:51:30:56":4,"s:30:62:30:69":6,"s:38:26:66:Infinity":7,"f:38:26:38:33":5,"s:39:8:39:Infinity":8,"s:41:8:66:Infinity":9,"s:42:12:58:Infinity":10,"f:42:57:42:60":6,"b:43:16:45:Infinity:undefined:undefined:undefined:undefined":1,"s:43:16:45:Infinity":11,"s:44:20:44:Infinity":12,"f:44:20:44:34":7,"s:44:44:44:90":13,"s:45:20:45:Infinity":14,"s:49:20:51:Infinity":15,"b:50:26:50:75:51:26:51:Infinity":2,"b:49:20:49:39:49:39:49:Infinity":3,"s:53:16:57:Infinity":16,"b:55:28:55:44:55:44:55:Infinity":4,"b:56:30:56:42:56:42:56:65:56:65:56:Infinity":5,"b:60:12:62:Infinity:undefined:undefined:undefined:undefined":6,"s:60:12:62:Infinity":17,"s:61:16:61:Infinity":18,"f:61:16:61:30":8,"s:61:40:61:87":19,"s:62:16:62:Infinity":20,"f:62:26:62:35":9,"s:62:41:62:60":21,"s:65:12:65:Infinity":22,"s:66:12:66:Infinity":23,"s:74:25:80:Infinity":24,"f:74:25:74:32":10,"s:75:8:77:Infinity":25,"s:76:12:76:Infinity":26,"s:80:8:80:Infinity":27,"s:87:10:87:54":28,"f:87:10:87:26":11,"s:87:35:87:54":29,"s:89:4:107:Infinity":30,"b:92:13:92:26:92:26:95:13":7}}}
,"F:\\Projects\\OllamaDashboard\\frontend\\src\\components\\Playground\\AgentChat.jsx": {"path":"F:\\Projects\\OllamaDashboard\\frontend\\src\\components\\Playground\\AgentChat.jsx","statementMap":{"0":{"start":{"line":26,"column":23},"end":{"line":26,"column":null}},"1":{"start":{"line":28,"column":21},"end":{"line":38,"column":null}},"2":{"start":{"line":31,"column":8},"end":{"line":36,"column":null}},"3":{"start":{"line":32,"column":26},"end":{"line":32,"column":60}},"4":{"start":{"line":33,"column":12},"end":{"line":33,"column":null}},"5":{"start":{"line":36,"column":12},"end":{"line":36,"column":null}},"6":{"start":{"line":39,"column":18},"end":{"line":39,"column":42}},"7":{"start":{"line":40,"column":22},"end":{"line":40,"column":53}},"8":{"start":{"line":42,"column":29},"end":{"line":42,"column":66}},"9":{"start":{"line":44,"column":27},"end":{"line":44,"column":62}},"10":{"start":{"line":46,"column":10},"end":{"line":46,"column":33}},"11":{"start":{"line":47,"column":10},"end":{"line":47,"column":37}},"12":{"start":{"line":48,"column":10},"end":{"line":48,"column":33}},"13":{"start":{"line":49,"column":10},"end":{"line":49,"column":36}},"14":{"start":{"line":54,"column":10},"end":{"line":58,"column":10}},"15":{"start":{"line":55,"column":19},"end":{"line":55,"column":null}},"16":{"start":{"line":56,"column":8},"end":{"line":56,"column":null}},"17":{"start":{"line":56,"column":17},"end":{"line":56,"column":null}},"18":{"start":{"line":57,"column":8},"end":{"line":57,"column":null}},"19":{"start":{"line":62,"column":4},"end":{"line":66,"column":null}},"20":{"start":{"line":63,"column":8},"end":{"line":64,"column":null}},"21":{"start":{"line":64,"column":12},"end":{"line":64,"column":null}},"22":{"start":{"line":69,"column":10},"end":{"line":72,"column":null}},"23":{"start":{"line":70,"column":8},"end":{"line":72,"column":null}},"24":{"start":{"line":71,"column":12},"end":{"line":71,"column":null}},"25":{"start":{"line":72,"column":12},"end":{"line":72,"column":null}},"26":{"start":{"line":78,"column":4},"end":{"line":84,"column":null}},"27":{"start":{"line":79,"column":8},"end":{"line":81,"column":null}},"28":{"start":{"line":80,"column":12},"end":{"line":80,"column":null}},"29":{"start":{"line":88,"column":4},"end":{"line":94,"column":null}},"30":{"start":{"line":89,"column":8},"end":{"line":92,"column":null}},"31":{"start":{"line":92,"column":12},"end":{"line":92,"column":null}},"32":{"start":{"line":98,"column":10},"end":{"line":179,"column":43}},"33":{"start":{"line":99,"column":8},"end":{"line":99,"column":null}},"34":{"start":{"line":99,"column":50},"end":{"line":99,"column":null}},"35":{"start":{"line":101,"column":28},"end":{"line":101,"column":40}},"36":{"start":{"line":102,"column":8},"end":{"line":102,"column":null}},"37":{"start":{"line":105,"column":20},"end":{"line":105,"column":30}},"38":{"start":{"line":106,"column":20},"end":{"line":106,"column":null}},"39":{"start":{"line":108,"column":24},"end":{"line":108,"column":null}},"40":{"start":{"line":109,"column":26},"end":{"line":109,"column":null}},"41":{"start":{"line":111,"column":8},"end":{"line":111,"column":null}},"42":{"start":{"line":111,"column":30},"end":{"line":111,"column":60}},"43":{"start":{"line":112,"column":8},"end":{"line":112,"column":null}},"44":{"start":{"line":113,"column":8},"end":{"line":113,"column":null}},"45":{"start":{"line":116,"column":30},"end":{"line":119,"column":11}},"46":{"start":{"line":116,"column":81},"end":{"line":119,"column":11}},"47":{"start":{"line":121,"column":8},"end":{"line":121,"column":null}},"48":{"start":{"line":123,"column":8},"end":{"line":177,"column":null}},"49":{"start":{"line":124,"column":12},"end":{"line":156,"column":null}},"50":{"start":{"line":128,"column":20},"end":{"line":137,"column":null}},"51":{"start":{"line":130,"column":24},"end":{"line":137,"column":null}},"52":{"start":{"line":131,"column":44},"end":{"line":131,"column":53}},"53":{"start":{"line":132,"column":41},"end":{"line":132,"column":null}},"54":{"start":{"line":133,"column":28},"end":{"line":136,"column":null}},"55":{"start":{"line":139,"column":20},"end":{"line":145,"column":null}},"56":{"start":{"line":142,"column":24},"end":{"line":145,"column":null}},"57":{"start":{"line":142,"column":46},"end":{"line":144,"column":null}},"58":{"start":{"line":148,"column":20},"end":{"line":149,"column":null}},"59":{"start":{"line":149,"column":24},"end":{"line":149,"column":null}},"60":{"start":{"line":151,"column":20},"end":{"line":152,"column":null}},"61":{"start":{"line":152,"column":24},"end":{"line":152,"column":null}},"62":{"start":{"line":158,"column":12},"end":{"line":166,"column":null}},"63":{"start":{"line":159,"column":16},"end":{"line":166,"column":null}},"64":{"start":{"line":160,"column":36},"end":{"line":160,"column":45}},"65":{"start":{"line":161,"column":33},"end":{"line":161,"column":null}},"66":{"start":{"line":162,"column":20},"end":{"line":165,"column":null}},"67":{"start":{"line":170,"column":12},"end":{"line":174,"column":null}},"68":{"start":{"line":171,"column":32},"end":{"line":171,"column":41}},"69":{"start":{"line":172,"column":29},"end":{"line":172,"column":null}},"70":{"start":{"line":173,"column":16},"end":{"line":173,"column":null}},"71":{"start":{"line":175,"column":12},"end":{"line":175,"column":null}},"72":{"start":{"line":176,"column":12},"end":{"line":176,"column":null}},"73":{"start":{"line":177,"column":12},"end":{"line":177,"column":null}},"74":{"start":{"line":182,"column":10},"end":{"line":183,"column":null}},"75":{"start":{"line":183,"column":8},"end":{"line":183,"column":null}},"76":{"start":{"line":187,"column":10},"end":{"line":190,"column":null}},"77":{"start":{"line":188,"column":8},"end":{"line":190,"column":null}},"78":{"start":{"line":189,"column":12},"end":{"line":189,"column":null}},"79":{"start":{"line":190,"column":12},"end":{"line":190,"column":null}},"80":{"start":{"line":195,"column":10},"end":{"line":202,"column":null}},"81":{"start":{"line":196,"column":8},"end":{"line":196,"column":null}},"82":{"start":{"line":197,"column":8},"end":{"line":197,"column":null}},"83":{"start":{"line":198,"column":8},"end":{"line":198,"column":null}},"84":{"start":{"line":199,"column":8},"end":{"line":199,"column":null}},"85":{"start":{"line":200,"column":8},"end":{"line":200,"column":null}},"86":{"start":{"line":201,"column":8},"end":{"line":201,"column":null}},"87":{"start":{"line":202,"column":8},"end":{"line":202,"column":null}},"88":{"start":{"line":210,"column":10},"end":{"line":283,"column":29}},"89":{"start":{"line":211,"column":8},"end":{"line":211,"column":null}},"90":{"start":{"line":211,"column":23},"end":{"line":211,"column":null}},"91":{"start":{"line":214,"column":30},"end":{"line":217,"column":11}},"92":{"start":{"line":214,"column":51},"end":{"line":214,"column":93}},"93":{"start":{"line":214,"column":122},"end":{"line":217,"column":11}},"94":{"start":{"line":219,"column":8},"end":{"line":219,"column":null}},"95":{"start":{"line":219,"column":40},"end":{"line":219,"column":null}},"96":{"start":{"line":221,"column":8},"end":{"line":221,"column":null}},"97":{"start":{"line":222,"column":8},"end":{"line":222,"column":null}},"98":{"start":{"line":223,"column":8},"end":{"line":223,"column":null}},"99":{"start":{"line":225,"column":20},"end":{"line":225,"column":30}},"100":{"start":{"line":226,"column":20},"end":{"line":226,"column":null}},"101":{"start":{"line":227,"column":26},"end":{"line":227,"column":null}},"102":{"start":{"line":228,"column":8},"end":{"line":228,"column":null}},"103":{"start":{"line":228,"column":30},"end":{"line":228,"column":50}},"104":{"start":{"line":230,"column":8},"end":{"line":230,"column":null}},"105":{"start":{"line":232,"column":8},"end":{"line":281,"column":null}},"106":{"start":{"line":233,"column":12},"end":{"line":261,"column":null}},"107":{"start":{"line":237,"column":20},"end":{"line":245,"column":null}},"108":{"start":{"line":238,"column":24},"end":{"line":245,"column":null}},"109":{"start":{"line":239,"column":44},"end":{"line":239,"column":53}},"110":{"start":{"line":240,"column":41},"end":{"line":240,"column":null}},"111":{"start":{"line":241,"column":28},"end":{"line":244,"column":null}},"112":{"start":{"line":247,"column":20},"end":{"line":251,"column":null}},"113":{"start":{"line":248,"column":24},"end":{"line":251,"column":null}},"114":{"start":{"line":248,"column":46},"end":{"line":250,"column":null}},"115":{"start":{"line":253,"column":20},"end":{"line":254,"column":null}},"116":{"start":{"line":254,"column":24},"end":{"line":254,"column":null}},"117":{"start":{"line":256,"column":20},"end":{"line":257,"column":null}},"118":{"start":{"line":257,"column":24},"end":{"line":257,"column":null}},"119":{"start":{"line":263,"column":12},"end":{"line":271,"column":null}},"120":{"start":{"line":264,"column":16},"end":{"line":271,"column":null}},"121":{"start":{"line":265,"column":36},"end":{"line":265,"column":45}},"122":{"start":{"line":266,"column":33},"end":{"line":266,"column":null}},"123":{"start":{"line":267,"column":20},"end":{"line":270,"column":null}},"124":{"start":{"line":274,"column":12},"end":{"line":278,"column":null}},"125":{"start":{"line":275,"column":32},"end":{"line":275,"column":41}},"126":{"start":{"line":276,"column":29},"end":{"line":276,"column":null}},"127":{"start":{"line":277,"column":16},"end":{"line":277,"column":null}},"128":{"start":{"line":279,"column":12},"end":{"line":279,"column":null}},"129":{"start":{"line":280,"column":12},"end":{"line":280,"column":null}},"130":{"start":{"line":281,"column":12},"end":{"line":281,"column":null}},"131":{"start":{"line":287,"column":4},"end":{"line":378,"column":null}},"132":{"start":{"line":317,"column":20},"end":{"line":320,"column":null}},"133":{"start":{"line":328,"column":54},"end":{"line":328,"column":84}},"134":{"start":{"line":329,"column":38},"end":{"line":329,"column":null}},"135":{"start":{"line":353,"column":41},"end":{"line":353,"column":65}},"136":{"start":{"line":394,"column":19},"end":{"line":394,"column":null}},"137":{"start":{"line":396,"column":4},"end":{"line":468,"column":null}},"138":{"start":{"line":441,"column":40},"end":{"line":455,"column":null}},"139":{"start":{"line":488,"column":4},"end":{"line":513,"column":null}},"140":{"start":{"line":531,"column":4},"end":{"line":553,"column":null}}},"fnMap":{"0":{"name":"AgentChat","decl":{"start":{"line":24,"column":24},"end":{"line":24,"column":34}},"loc":{"start":{"line":24,"column":45},"end":{"line":378,"column":null}},"line":24},"1":{"name":"(anonymous_1)","decl":{"start":{"line":28,"column":36},"end":{"line":28,"column":51}},"loc":{"start":{"line":28,"column":51},"end":{"line":38,"column":null}},"line":28},"2":{"name":"(anonymous_2)","decl":{"start":{"line":54,"column":25},"end":{"line":54,"column":43}},"loc":{"start":{"line":54,"column":43},"end":{"line":58,"column":9}},"line":54},"3":{"name":"(anonymous_3)","decl":{"start":{"line":62,"column":4},"end":{"line":62,"column":20}},"loc":{"start":{"line":62,"column":20},"end":{"line":66,"column":8}},"line":62},"4":{"name":"(anonymous_4)","decl":{"start":{"line":69,"column":10},"end":{"line":69,"column":33}},"loc":{"start":{"line":69,"column":33},"end":{"line":72,"column":null}},"line":69},"5":{"name":"(anonymous_5)","decl":{"start":{"line":78,"column":4},"end":{"line":78,"column":20}},"loc":{"start":{"line":78,"column":20},"end":{"line":84,"column":8}},"line":78},"6":{"name":"(anonymous_6)","decl":{"start":{"line":88,"column":4},"end":{"line":88,"column":20}},"loc":{"start":{"line":88,"column":20},"end":{"line":94,"column":9}},"line":88},"7":{"name":"(anonymous_7)","decl":{"start":{"line":89,"column":8},"end":{"line":89,"column":21}},"loc":{"start":{"line":89,"column":21},"end":{"line":92,"column":null}},"line":89},"8":{"name":"(anonymous_8)","decl":{"start":{"line":98,"column":36},"end":{"line":98,"column":48}},"loc":{"start":{"line":98,"column":48},"end":{"line":179,"column":8}},"line":98},"9":{"name":"(anonymous_9)","decl":{"start":{"line":111,"column":8},"end":{"line":111,"column":21}},"loc":{"start":{"line":111,"column":30},"end":{"line":111,"column":60}},"line":111},"10":{"name":"(anonymous_10)","decl":{"start":{"line":116,"column":53},"end":{"line":116,"column":58}},"loc":{"start":{"line":116,"column":81},"end":{"line":119,"column":11}},"line":116},"11":{"name":"(anonymous_11)","decl":{"start":{"line":126,"column":50},"end":{"line":126,"column":null}},"loc":{"start":{"line":127,"column":27},"end":{"line":155,"column":25}},"line":127},"12":{"name":"(anonymous_12)","decl":{"start":{"line":130,"column":24},"end":{"line":130,"column":37}},"loc":{"start":{"line":130,"column":46},"end":{"line":137,"column":null}},"line":130},"13":{"name":"(anonymous_13)","decl":{"start":{"line":142,"column":24},"end":{"line":142,"column":37}},"loc":{"start":{"line":142,"column":46},"end":{"line":144,"column":null}},"line":142},"14":{"name":"(anonymous_14)","decl":{"start":{"line":159,"column":16},"end":{"line":159,"column":29}},"loc":{"start":{"line":159,"column":38},"end":{"line":166,"column":null}},"line":159},"15":{"name":"(anonymous_15)","decl":{"start":{"line":170,"column":12},"end":{"line":170,"column":25}},"loc":{"start":{"line":170,"column":34},"end":{"line":174,"column":null}},"line":170},"16":{"name":"(anonymous_16)","decl":{"start":{"line":182,"column":10},"end":{"line":182,"column":33}},"loc":{"start":{"line":182,"column":33},"end":{"line":183,"column":null}},"line":182},"17":{"name":"(anonymous_17)","decl":{"start":{"line":187,"column":10},"end":{"line":187,"column":27}},"loc":{"start":{"line":187,"column":33},"end":{"line":190,"column":null}},"line":187},"18":{"name":"(anonymous_18)","decl":{"start":{"line":195,"column":10},"end":{"line":195,"column":28}},"loc":{"start":{"line":195,"column":28},"end":{"line":202,"column":null}},"line":195},"19":{"name":"(anonymous_19)","decl":{"start":{"line":210,"column":40},"end":{"line":210,"column":47}},"loc":{"start":{"line":210,"column":78},"end":{"line":283,"column":8}},"line":210},"20":{"name":"(anonymous_20)","decl":{"start":{"line":214,"column":39},"end":{"line":214,"column":46}},"loc":{"start":{"line":214,"column":51},"end":{"line":214,"column":93}},"line":214},"21":{"name":"(anonymous_21)","decl":{"start":{"line":214,"column":94},"end":{"line":214,"column":99}},"loc":{"start":{"line":214,"column":122},"end":{"line":217,"column":11}},"line":214},"22":{"name":"(anonymous_22)","decl":{"start":{"line":228,"column":8},"end":{"line":228,"column":21}},"loc":{"start":{"line":228,"column":30},"end":{"line":228,"column":50}},"line":228},"23":{"name":"(anonymous_23)","decl":{"start":{"line":235,"column":92},"end":{"line":235,"column":null}},"loc":{"start":{"line":236,"column":27},"end":{"line":260,"column":25}},"line":236},"24":{"name":"(anonymous_24)","decl":{"start":{"line":238,"column":24},"end":{"line":238,"column":37}},"loc":{"start":{"line":238,"column":46},"end":{"line":245,"column":null}},"line":238},"25":{"name":"(anonymous_25)","decl":{"start":{"line":248,"column":24},"end":{"line":248,"column":37}},"loc":{"start":{"line":248,"column":46},"end":{"line":250,"column":null}},"line":248},"26":{"name":"(anonymous_26)","decl":{"start":{"line":264,"column":16},"end":{"line":264,"column":29}},"loc":{"start":{"line":264,"column":38},"end":{"line":271,"column":null}},"line":264},"27":{"name":"(anonymous_27)","decl":{"start":{"line":274,"column":12},"end":{"line":274,"column":25}},"loc":{"start":{"line":274,"column":34},"end":{"line":278,"column":null}},"line":274},"28":{"name":"(anonymous_28)","decl":{"start":{"line":316,"column":26},"end":{"line":316,"column":31}},"loc":{"start":{"line":317,"column":20},"end":{"line":320,"column":null}},"line":317},"29":{"name":"(anonymous_29)","decl":{"start":{"line":328,"column":24},"end":{"line":328,"column":43}},"loc":{"start":{"line":328,"column":54},"end":{"line":328,"column":84}},"line":328},"30":{"name":"(anonymous_30)","decl":{"start":{"line":329,"column":24},"end":{"line":329,"column":38}},"loc":{"start":{"line":329,"column":38},"end":{"line":329,"column":null}},"line":329},"31":{"name":"(anonymous_31)","decl":{"start":{"line":353,"column":24},"end":{"line":353,"column":35}},"loc":{"start":{"line":353,"column":41},"end":{"line":353,"column":65}},"line":353},"32":{"name":"MessageBubble","decl":{"start":{"line":393,"column":9},"end":{"line":393,"column":23}},"loc":{"start":{"line":393,"column":36},"end":{"line":468,"column":null}},"line":393},"33":{"name":"(anonymous_33)","decl":{"start":{"line":440,"column":36},"end":{"line":440,"column":41}},"loc":{"start":{"line":440,"column":90},"end":{"line":458,"column":null}},"line":440},"34":{"name":"SystemErrorMessage","decl":{"start":{"line":487,"column":9},"end":{"line":487,"column":28}},"loc":{"start":{"line":487,"column":41},"end":{"line":513,"column":null}},"line":487},"35":{"name":"ConsultingBadge","decl":{"start":{"line":530,"column":9},"end":{"line":530,"column":25}},"loc":{"start":{"line":530,"column":37},"end":{"line":553,"column":null}},"line":530}},"branchMap":{"0":{"loc":{"start":{"line":33,"column":19},"end":{"line":33,"column":49}},"type":"cond-expr","locations":[{"start":{"line":33,"column":27},"end":{"line":33,"column":44}},{"start":{"line":33,"column":47},"end":{"line":33,"column":49}}],"line":33},"1":{"loc":{"start":{"line":56,"column":8},"end":{"line":56,"column":null}},"type":"if","locations":[{"start":{"line":56,"column":8},"end":{"line":56,"column":null}},{"start":{},"end":{}}],"line":56},"2":{"loc":{"start":{"line":63,"column":8},"end":{"line":64,"column":null}},"type":"if","locations":[{"start":{"line":63,"column":8},"end":{"line":64,"column":null}},{"start":{},"end":{}}],"line":63},"3":{"loc":{"start":{"line":63,"column":12},"end":{"line":63,"column":57}},"type":"binary-expr","locations":[{"start":{"line":63,"column":12},"end":{"line":63,"column":35}},{"start":{"line":63,"column":35},"end":{"line":63,"column":57}}],"line":63},"4":{"loc":{"start":{"line":70,"column":8},"end":{"line":72,"column":null}},"type":"if","locations":[{"start":{"line":70,"column":8},"end":{"line":72,"column":null}},{"start":{},"end":{}}],"line":70},"5":{"loc":{"start":{"line":99,"column":8},"end":{"line":99,"column":null}},"type":"if","locations":[{"start":{"line":99,"column":8},"end":{"line":99,"column":null}},{"start":{},"end":{}}],"line":99},"6":{"loc":{"start":{"line":99,"column":12},"end":{"line":99,"column":50}},"type":"binary-expr","locations":[{"start":{"line":99,"column":12},"end":{"line":99,"column":25}},{"start":{"line":99,"column":29},"end":{"line":99,"column":42}},{"start":{"line":99,"column":42},"end":{"line":99,"column":50}}],"line":99},"7":{"loc":{"start":{"line":128,"column":20},"end":{"line":137,"column":null}},"type":"if","locations":[{"start":{"line":128,"column":20},"end":{"line":137,"column":null}},{"start":{},"end":{}}],"line":128},"8":{"loc":{"start":{"line":139,"column":20},"end":{"line":145,"column":null}},"type":"if","locations":[{"start":{"line":139,"column":20},"end":{"line":145,"column":null}},{"start":{},"end":{}}],"line":139},"9":{"loc":{"start":{"line":148,"column":20},"end":{"line":149,"column":null}},"type":"if","locations":[{"start":{"line":148,"column":20},"end":{"line":149,"column":null}},{"start":{},"end":{}}],"line":148},"10":{"loc":{"start":{"line":149,"column":44},"end":{"line":149,"column":73}},"type":"binary-expr","locations":[{"start":{"line":149,"column":44},"end":{"line":149,"column":60}},{"start":{"line":149,"column":60},"end":{"line":149,"column":73}}],"line":149},"11":{"loc":{"start":{"line":151,"column":20},"end":{"line":152,"column":null}},"type":"if","locations":[{"start":{"line":151,"column":20},"end":{"line":152,"column":null}},{"start":{},"end":{}}],"line":151},"12":{"loc":{"start":{"line":158,"column":12},"end":{"line":166,"column":null}},"type":"if","locations":[{"start":{"line":158,"column":12},"end":{"line":166,"column":null}},{"start":{},"end":{}}],"line":158},"13":{"loc":{"start":{"line":188,"column":8},"end":{"line":190,"column":null}},"type":"if","locations":[{"start":{"line":188,"column":8},"end":{"line":190,"column":null}},{"start":{},"end":{}}],"line":188},"14":{"loc":{"start":{"line":188,"column":12},"end":{"line":188,"column":46}},"type":"binary-expr","locations":[{"start":{"line":188,"column":12},"end":{"line":188,"column":33}},{"start":{"line":188,"column":33},"end":{"line":188,"column":46}}],"line":188},"15":{"loc":{"start":{"line":211,"column":8},"end":{"line":211,"column":null}},"type":"if","locations":[{"start":{"line":211,"column":8},"end":{"line":211,"column":null}},{"start":{},"end":{}}],"line":211},"16":{"loc":{"start":{"line":214,"column":51},"end":{"line":214,"column":93}},"type":"binary-expr","locations":[{"start":{"line":214,"column":51},"end":{"line":214,"column":67}},{"start":{"line":214,"column":67},"end":{"line":214,"column":93}}],"line":214},"17":{"loc":{"start":{"line":219,"column":8},"end":{"line":219,"column":null}},"type":"if","locations":[{"start":{"line":219,"column":8},"end":{"line":219,"column":null}},{"start":{},"end":{}}],"line":219},"18":{"loc":{"start":{"line":237,"column":20},"end":{"line":245,"column":null}},"type":"if","locations":[{"start":{"line":237,"column":20},"end":{"line":245,"column":null}},{"start":{},"end":{}}],"line":237},"19":{"loc":{"start":{"line":247,"column":20},"end":{"line":251,"column":null}},"type":"if","locations":[{"start":{"line":247,"column":20},"end":{"line":251,"column":null}},{"start":{},"end":{}}],"line":247},"20":{"loc":{"start":{"line":253,"column":20},"end":{"line":254,"column":null}},"type":"if","locations":[{"start":{"line":253,"column":20},"end":{"line":254,"column":null}},{"start":{},"end":{}}],"line":253},"21":{"loc":{"start":{"line":254,"column":44},"end":{"line":254,"column":73}},"type":"binary-expr","locations":[{"start":{"line":254,"column":44},"end":{"line":254,"column":60}},{"start":{"line":254,"column":60},"end":{"line":254,"column":73}}],"line":254},"22":{"loc":{"start":{"line":256,"column":20},"end":{"line":257,"column":null}},"type":"if","locations":[{"start":{"line":256,"column":20},"end":{"line":257,"column":null}},{"start":{},"end":{}}],"line":256},"23":{"loc":{"start":{"line":263,"column":12},"end":{"line":271,"column":null}},"type":"if","locations":[{"start":{"line":263,"column":12},"end":{"line":271,"column":null}},{"start":{},"end":{}}],"line":263},"24":{"loc":{"start":{"line":296,"column":17},"end":{"line":311,"column":null}},"type":"binary-expr","locations":[{"start":{"line":296,"column":17},"end":{"line":296,"column":null}},{"start":{"line":297,"column":20},"end":{"line":311,"column":null}}],"line":296},"25":{"loc":{"start":{"line":317,"column":20},"end":{"line":320,"column":null}},"type":"cond-expr","locations":[{"start":{"line":318,"column":24},"end":{"line":318,"column":null}},{"start":{"line":320,"column":24},"end":{"line":320,"column":null}}],"line":317},"26":{"loc":{"start":{"line":324,"column":17},"end":{"line":330,"column":null}},"type":"binary-expr","locations":[{"start":{"line":324,"column":17},"end":{"line":324,"column":null}},{"start":{"line":325,"column":20},"end":{"line":330,"column":null}}],"line":324},"27":{"loc":{"start":{"line":337,"column":17},"end":{"line":338,"column":null}},"type":"binary-expr","locations":[{"start":{"line":337,"column":17},"end":{"line":337,"column":null}},{"start":{"line":338,"column":20},"end":{"line":338,"column":null}}],"line":337},"28":{"loc":{"start":{"line":341,"column":17},"end":{"line":346,"column":null}},"type":"binary-expr","locations":[{"start":{"line":341,"column":17},"end":{"line":341,"column":40}},{"start":{"line":341,"column":40},"end":{"line":341,"column":null}},{"start":{"line":342,"column":20},"end":{"line":346,"column":null}}],"line":341},"29":{"loc":{"start":{"line":362,"column":21},"end":{"line":378,"column":null}},"type":"cond-expr","locations":[{"start":{"line":363,"column":24},"end":{"line":371,"column":25}},{"start":{"line":371,"column":24},"end":{"line":378,"column":null}}],"line":362},"30":{"loc":{"start":{"line":373,"column":38},"end":{"line":373,"column":null}},"type":"binary-expr","locations":[{"start":{"line":373,"column":38},"end":{"line":373,"column":51}},{"start":{"line":373,"column":55},"end":{"line":373,"column":null}}],"line":373},"31":{"loc":{"start":{"line":399,"column":20},"end":{"line":399,"column":null}},"type":"cond-expr","locations":[{"start":{"line":399,"column":29},"end":{"line":399,"column":50}},{"start":{"line":399,"column":50},"end":{"line":399,"column":null}}],"line":399},"32":{"loc":{"start":{"line":405,"column":20},"end":{"line":407,"column":null}},"type":"cond-expr","locations":[{"start":{"line":406,"column":26},"end":{"line":406,"column":null}},{"start":{"line":407,"column":26},"end":{"line":407,"column":null}}],"line":405},"33":{"loc":{"start":{"line":410,"column":17},"end":{"line":413,"column":null}},"type":"cond-expr","locations":[{"start":{"line":411,"column":20},"end":{"line":413,"column":21}},{"start":{"line":413,"column":20},"end":{"line":413,"column":null}}],"line":410},"34":{"loc":{"start":{"line":421,"column":20},"end":{"line":425,"column":null}},"type":"cond-expr","locations":[{"start":{"line":423,"column":24},"end":{"line":423,"column":null}},{"start":{"line":425,"column":24},"end":{"line":425,"column":null}}],"line":421},"35":{"loc":{"start":{"line":429,"column":17},"end":{"line":466,"column":null}},"type":"cond-expr","locations":[{"start":{"line":431,"column":20},"end":{"line":434,"column":21}},{"start":{"line":434,"column":20},"end":{"line":466,"column":null}}],"line":429},"36":{"loc":{"start":{"line":434,"column":53},"end":{"line":434,"column":null}},"type":"cond-expr","locations":[{"start":{"line":434,"column":73},"end":{"line":434,"column":94}},{"start":{"line":434,"column":94},"end":{"line":434,"column":null}}],"line":434},"37":{"loc":{"start":{"line":435,"column":25},"end":{"line":464,"column":null}},"type":"cond-expr","locations":[{"start":{"line":436,"column":28},"end":{"line":464,"column":29}},{"start":{"line":464,"column":28},"end":{"line":464,"column":null}}],"line":435},"38":{"loc":{"start":{"line":441,"column":47},"end":{"line":455,"column":null}},"type":"cond-expr","locations":[{"start":{"line":442,"column":44},"end":{"line":450,"column":45}},{"start":{"line":450,"column":44},"end":{"line":455,"column":null}}],"line":441},"39":{"loc":{"start":{"line":464,"column":28},"end":{"line":464,"column":null}},"type":"binary-expr","locations":[{"start":{"line":464,"column":28},"end":{"line":464,"column":50}},{"start":{"line":464,"column":50},"end":{"line":464,"column":null}}],"line":464}},"s":{"0":46,"1":46,"2":14,"3":14,"4":14,"5":0,"6":46,"7":46,"8":46,"9":46,"10":46,"11":46,"12":46,"13":46,"14":46,"15":0,"16":0,"17":0,"18":0,"19":46,"20":37,"21":37,"22":46,"23":11,"24":11,"25":11,"26":46,"27":37,"28":37,"29":46,"30":14,"31":14,"32":46,"33":8,"34":0,"35":8,"36":8,"37":8,"38":8,"39":8,"40":8,"41":8,"42":8,"43":8,"44":8,"45":8,"46":8,"47":8,"48":8,"49":8,"50":8,"51":3,"52":3,"53":3,"54":3,"55":8,"56":1,"57":1,"58":8,"59":1,"60":8,"61":3,"62":1,"63":1,"64":1,"65":1,"66":1,"67":8,"68":8,"69":8,"70":8,"71":8,"72":8,"73":8,"74":46,"75":0,"76":46,"77":2,"78":1,"79":1,"80":46,"81":1,"82":1,"83":1,"84":1,"85":1,"86":1,"87":1,"88":46,"89":3,"90":0,"91":3,"92":6,"93":6,"94":3,"95":0,"96":3,"97":3,"98":3,"99":3,"100":3,"101":3,"102":3,"103":3,"104":3,"105":3,"106":3,"107":5,"108":2,"109":2,"110":2,"111":2,"112":5,"113":1,"114":1,"115":5,"116":1,"117":5,"118":1,"119":1,"120":1,"121":1,"122":1,"123":1,"124":3,"125":3,"126":3,"127":3,"128":3,"129":3,"130":3,"131":46,"132":52,"133":1,"134":2,"135":8,"136":49,"137":49,"138":5,"139":4,"140":2},"f":{"0":46,"1":14,"2":0,"3":37,"4":11,"5":37,"6":14,"7":14,"8":8,"9":8,"10":8,"11":8,"12":3,"13":1,"14":1,"15":8,"16":0,"17":2,"18":1,"19":3,"20":6,"21":6,"22":3,"23":5,"24":2,"25":1,"26":1,"27":3,"28":52,"29":1,"30":2,"31":8,"32":49,"33":5,"34":4,"35":2},"b":{"0":[4,10],"1":[0,0],"2":[37,0],"3":[37,37],"4":[11,0],"5":[0,8],"6":[8,8,8],"7":[3,5],"8":[1,7],"9":[1,7],"10":[1,0],"11":[3,5],"12":[1,0],"13":[1,1],"14":[2,2],"15":[0,3],"16":[6,6],"17":[0,3],"18":[2,3],"19":[1,4],"20":[1,4],"21":[1,0],"22":[1,4],"23":[1,0],"24":[46,21],"25":[4,48],"26":[46,8],"27":[46,2],"28":[46,24,13],"29":[11,34],"30":[34,8],"31":[24,24],"32":[24,24],"33":[24,24],"34":[24,24],"35":[24,24],"36":[9,15],"37":[6,18],"38":[0,4],"39":[18,12]},"meta":{"lastBranch":40,"lastFunction":36,"lastStatement":141,"seen":{"f:24:24:24:34":0,"s:26:23:26:Infinity":0,"s:28:21:38:Infinity":1,"f:28:36:28:51":1,"s:31:8:36:Infinity":2,"s:32:26:32:60":3,"s:33:12:33:Infinity":4,"b:33:27:33:44:33:47:33:49":0,"s:36:12:36:Infinity":5,"s:39:18:39:42":6,"s:40:22:40:53":7,"s:42:29:42:66":8,"s:44:27:44:62":9,"s:46:10:46:33":10,"s:47:10:47:37":11,"s:48:10:48:33":12,"s:49:10:49:36":13,"s:54:10:58:10":14,"f:54:25:54:43":2,"s:55:19:55:Infinity":15,"b:56:8:56:Infinity:undefined:undefined:undefined:undefined":1,"s:56:8:56:Infinity":16,"s:56:17:56:Infinity":17,"s:57:8:57:Infinity":18,"s:62:4:66:Infinity":19,"f:62:4:62:20":3,"b:63:8:64:Infinity:undefined:undefined:undefined:undefined":2,"s:63:8:64:Infinity":20,"b:63:12:63:35:63:35:63:57":3,"s:64:12:64:Infinity":21,"s:69:10:72:Infinity":22,"f:69:10:69:33":4,"b:70:8:72:Infinity:undefined:undefined:undefined:undefined":4,"s:70:8:72:Infinity":23,"s:71:12:71:Infinity":24,"s:72:12:72:Infinity":25,"s:78:4:84:Infinity":26,"f:78:4:78:20":5,"s:79:8:81:Infinity":27,"s:80:12:80:Infinity":28,"s:88:4:94:Infinity":29,"f:88:4:88:20":6,"s:89:8:92:Infinity":30,"f:89:8:89:21":7,"s:92:12:92:Infinity":31,"s:98:10:179:43":32,"f:98:36:98:48":8,"b:99:8:99:Infinity:undefined:undefined:undefined:undefined":5,"s:99:8:99:Infinity":33,"b:99:12:99:25:99:29:99:42:99:42:99:50":6,"s:99:50:99:Infinity":34,"s:101:28:101:40":35,"s:102:8:102:Infinity":36,"s:105:20:105:30":37,"s:106:20:106:Infinity":38,"s:108:24:108:Infinity":39,"s:109:26:109:Infinity":40,"s:111:8:111:Infinity":41,"f:111:8:111:21":9,"s:111:30:111:60":42,"s:112:8:112:Infinity":43,"s:113:8:113:Infinity":44,"s:116:30:119:11":45,"f:116:53:116:58":10,"s:116:81:119:11":46,"s:121:8:121:Infinity":47,"s:123:8:177:Infinity":48,"s:124:12:156:Infinity":49,"f:126:50:126:Infinity":11,"b:128:20:137:Infinity:undefined:undefined:undefined:undefined":7,"s:128:20:137:Infinity":50,"s:130:24:137:Infinity":51,"f:130:24:130:37":12,"s:131:44:131:53":52,"s:132:41:132:Infinity":53,"s:133:28:136:Infinity":54,"b:139:20:145:Infinity:undefined:undefined:undefined:undefined":8,"s:139:20:145:Infinity":55,"s:142:24:145:Infinity":56,"f:142:24:142:37":13,"s:142:46:144:Infinity":57,"b:148:20:149:Infinity:undefined:undefined:undefined:undefined":9,"s:148:20:149:Infinity":58,"s:149:24:149:Infinity":59,"b:149:44:149:60:149:60:149:73":10,"b:151:20:152:Infinity:undefined:undefined:undefined:undefined":11,"s:151:20:152:Infinity":60,"s:152:24:152:Infinity":61,"b:158:12:166:Infinity:undefined:undefined:undefined:undefined":12,"s:158:12:166:Infinity":62,"s:159:16:166:Infinity":63,"f:159:16:159:29":14,"s:160:36:160:45":64,"s:161:33:161:Infinity":65,"s:162:20:165:Infinity":66,"s:170:12:174:Infinity":67,"f:170:12:170:25":15,"s:171:32:171:41":68,"s:172:29:172:Infinity":69,"s:173:16:173:Infinity":70,"s:175:12:175:Infinity":71,"s:176:12:176:Infinity":72,"s:177:12:177:Infinity":73,"s:182:10:183:Infinity":74,"f:182:10:182:33":16,"s:183:8:183:Infinity":75,"s:187:10:190:Infinity":76,"f:187:10:187:27":17,"b:188:8:190:Infinity:undefined:undefined:undefined:undefined":13,"s:188:8:190:Infinity":77,"b:188:12:188:33:188:
[...]
olumn":36},"end":{"line":68,"column":82}},"29":{"start":{"line":71,"column":12},"end":{"line":71,"column":null}},"30":{"start":{"line":76,"column":10},"end":{"line":76,"column":58}},"31":{"start":{"line":76,"column":33},"end":{"line":76,"column":58}},"32":{"start":{"line":79,"column":23},"end":{"line":85,"column":null}},"33":{"start":{"line":80,"column":8},"end":{"line":80,"column":null}},"34":{"start":{"line":80,"column":21},"end":{"line":80,"column":null}},"35":{"start":{"line":81,"column":8},"end":{"line":85,"column":null}},"36":{"start":{"line":82,"column":12},"end":{"line":82,"column":null}},"37":{"start":{"line":83,"column":12},"end":{"line":83,"column":null}},"38":{"start":{"line":84,"column":12},"end":{"line":84,"column":null}},"39":{"start":{"line":84,"column":29},"end":{"line":84,"column":45}},"40":{"start":{"line":91,"column":10},"end":{"line":94,"column":null}},"41":{"start":{"line":92,"column":8},"end":{"line":94,"column":null}},"42":{"start":{"line":93,"column":12},"end":{"line":93,"column":null}},"43":{"start":{"line":94,"column":12},"end":{"line":94,"column":null}},"44":{"start":{"line":98,"column":4},"end":{"line":203,"column":null}},"45":{"start":{"line":115,"column":37},"end":{"line":115,"column":62}},"46":{"start":{"line":141,"column":47},"end":{"line":141,"column":60}}},"fnMap":{"0":{"name":"RawConsole","decl":{"start":{"line":23,"column":24},"end":{"line":23,"column":35}},"loc":{"start":{"line":23,"column":46},"end":{"line":203,"column":null}},"line":23},"1":{"name":"(anonymous_1)","decl":{"start":{"line":33,"column":4},"end":{"line":33,"column":20}},"loc":{"start":{"line":33,"column":20},"end":{"line":35,"column":9}},"line":33},"2":{"name":"(anonymous_2)","decl":{"start":{"line":34,"column":8},"end":{"line":34,"column":21}},"loc":{"start":{"line":34,"column":21},"end":{"line":34,"column":46}},"line":34},"3":{"name":"(anonymous_3)","decl":{"start":{"line":38,"column":4},"end":{"line":38,"column":20}},"loc":{"start":{"line":38,"column":20},"end":{"line":42,"column":8}},"line":38},"4":{"name":"(anonymous_4)","decl":{"start":{"line":45,"column":22},"end":{"line":45,"column":34}},"loc":{"start":{"line":45,"column":34},"end":{"line":71,"column":null}},"line":45},"5":{"name":"(anonymous_5)","decl":{"start":{"line":55,"column":48},"end":{"line":55,"column":null}},"loc":{"start":{"line":56,"column":27},"end":{"line":64,"column":25}},"line":56},"6":{"name":"(anonymous_6)","decl":{"start":{"line":58,"column":24},"end":{"line":58,"column":35}},"loc":{"start":{"line":58,"column":44},"end":{"line":58,"column":63}},"line":58},"7":{"name":"(anonymous_7)","decl":{"start":{"line":61,"column":24},"end":{"line":61,"column":35}},"loc":{"start":{"line":61,"column":44},"end":{"line":61,"column":79}},"line":61},"8":{"name":"(anonymous_8)","decl":{"start":{"line":68,"column":16},"end":{"line":68,"column":27}},"loc":{"start":{"line":68,"column":36},"end":{"line":68,"column":82}},"line":68},"9":{"name":"(anonymous_9)","decl":{"start":{"line":76,"column":10},"end":{"line":76,"column":33}},"loc":{"start":{"line":76,"column":33},"end":{"line":76,"column":58}},"line":76},"10":{"name":"(anonymous_10)","decl":{"start":{"line":79,"column":23},"end":{"line":79,"column":35}},"loc":{"start":{"line":79,"column":35},"end":{"line":85,"column":null}},"line":79},"11":{"name":"(anonymous_11)","decl":{"start":{"line":84,"column":12},"end":{"line":84,"column":29}},"loc":{"start":{"line":84,"column":29},"end":{"line":84,"column":45}},"line":84},"12":{"name":"(anonymous_12)","decl":{"start":{"line":91,"column":10},"end":{"line":91,"column":27}},"loc":{"start":{"line":91,"column":33},"end":{"line":94,"column":null}},"line":91},"13":{"name":"(anonymous_13)","decl":{"start":{"line":115,"column":20},"end":{"line":115,"column":31}},"loc":{"start":{"line":115,"column":37},"end":{"line":115,"column":62}},"line":115},"14":{"name":"(anonymous_14)","decl":{"start":{"line":141,"column":32},"end":{"line":141,"column":47}},"loc":{"start":{"line":141,"column":47},"end":{"line":141,"column":60}},"line":141}},"branchMap":{"0":{"loc":{"start":{"line":39,"column":8},"end":{"line":40,"column":null}},"type":"if","locations":[{"start":{"line":39,"column":8},"end":{"line":40,"column":null}},{"start":{},"end":{}}],"line":39},"1":{"loc":{"start":{"line":46,"column":8},"end":{"line":46,"column":null}},"type":"if","locations":[{"start":{"line":46,"column":8},"end":{"line":46,"column":null}},{"start":{},"end":{}}],"line":46},"2":{"loc":{"start":{"line":46,"column":12},"end":{"line":46,"column":51}},"type":"binary-expr","locations":[{"start":{"line":46,"column":12},"end":{"line":46,"column":26}},{"start":{"line":46,"column":30},"end":{"line":46,"column":43}},{"start":{"line":46,"column":43},"end":{"line":46,"column":51}}],"line":46},"3":{"loc":{"start":{"line":57,"column":20},"end":{"line":58,"column":null}},"type":"if","locations":[{"start":{"line":57,"column":20},"end":{"line":58,"column":null}},{"start":{},"end":{}}],"line":57},"4":{"loc":{"start":{"line":60,"column":20},"end":{"line":61,"column":null}},"type":"if","locations":[{"start":{"line":60,"column":20},"end":{"line":61,"column":null}},{"start":{},"end":{}}],"line":60},"5":{"loc":{"start":{"line":67,"column":12},"end":{"line":68,"column":null}},"type":"if","locations":[{"start":{"line":67,"column":12},"end":{"line":68,"column":null}},{"start":{},"end":{}}],"line":67},"6":{"loc":{"start":{"line":80,"column":8},"end":{"line":80,"column":null}},"type":"if","locations":[{"start":{"line":80,"column":8},"end":{"line":80,"column":null}},{"start":{},"end":{}}],"line":80},"7":{"loc":{"start":{"line":92,"column":8},"end":{"line":94,"column":null}},"type":"if","locations":[{"start":{"line":92,"column":8},"end":{"line":94,"column":null}},{"start":{},"end":{}}],"line":92},"8":{"loc":{"start":{"line":92,"column":12},"end":{"line":92,"column":59}},"type":"binary-expr","locations":[{"start":{"line":92,"column":12},"end":{"line":92,"column":34}},{"start":{"line":92,"column":34},"end":{"line":92,"column":47}},{"start":{"line":92,"column":47},"end":{"line":92,"column":59}}],"line":92},"9":{"loc":{"start":{"line":124,"column":21},"end":{"line":140,"column":31}},"type":"cond-expr","locations":[{"start":{"line":125,"column":24},"end":{"line":130,"column":25}},{"start":{"line":130,"column":24},"end":{"line":140,"column":31}}],"line":124},"10":{"loc":{"start":{"line":132,"column":38},"end":{"line":132,"column":null}},"type":"binary-expr","locations":[{"start":{"line":132,"column":38},"end":{"line":132,"column":52}},{"start":{"line":132,"column":56},"end":{"line":132,"column":null}}],"line":132},"11":{"loc":{"start":{"line":140,"column":21},"end":{"line":142,"column":null}},"type":"binary-expr","locations":[{"start":{"line":140,"column":21},"end":{"line":140,"column":31}},{"start":{"line":140,"column":31},"end":{"line":140,"column":null}},{"start":{"line":141,"column":24},"end":{"line":142,"column":null}}],"line":140},"12":{"loc":{"start":{"line":159,"column":25},"end":{"line":162,"column":null}},"type":"binary-expr","locations":[{"start":{"line":159,"column":25},"end":{"line":159,"column":null}},{"start":{"line":160,"column":28},"end":{"line":162,"column":null}}],"line":159},"13":{"loc":{"start":{"line":166,"column":21},"end":{"line":179,"column":null}},"type":"binary-expr","locations":[{"start":{"line":166,"column":21},"end":{"line":166,"column":null}},{"start":{"line":167,"column":24},"end":{"line":179,"column":null}}],"line":166},"14":{"loc":{"start":{"line":168,"column":29},"end":{"line":177,"column":null}},"type":"cond-expr","locations":[{"start":{"line":169,"column":32},"end":{"line":172,"column":null}},{"start":{"line":174,"column":32},"end":{"line":177,"column":null}}],"line":168},"15":{"loc":{"start":{"line":188,"column":21},"end":{"line":201,"column":null}},"type":"cond-expr","locations":[{"start":{"line":189,"column":24},"end":{"line":193,"column":25}},{"start":{"line":193,"column":24},"end":{"line":201,"column":null}}],"line":188},"16":{"loc":{"start":{"line":188,"column":21},"end":{"line":188,"column":null}},"type":"binary-expr","locations":[{"start":{"line":188,"column":21},"end":{"line":188,"column":32}},{"start":{"line":188,"column":32},"end":{"line":188,"column":null}}],"line":188},"17":{"loc":{"start":{"line":197,"column":32},"end":{"line":197,"column":null}},"type":"cond-expr","locations":[{"start":{"line":197,"column":44},"end":{"line":197,"column":65}},{"start":{"line":197,"column":65},"end":{"line":197,"column":null}}],"line":197}},"s":{"0":31,"1":31,"2":31,"3":31,"4":31,"5":31,"6":31,"7":8,"8":8,"9":31,"10":13,"11":13,"12":31,"13":7,"14":0,"15":7,"16":7,"17":7,"18":7,"19":7,"20":4,"21":3,"22":3,"23":4,"24":1,"25":1,"26":2,"27":1,"28":1,"29":6,"30":31,"31":1,"32":31,"33":1,"34":0,"35":1,"36":1,"37":1,"38":1,"39":1,"40":31,"41":1,"42":1,"43":1,"44":31,"45":7,"46":1},"f":{"0":31,"1":8,"2":8,"3":13,"4":7,"5":4,"6":3,"7":1,"8":1,"9":1,"10":1,"11":1,"12":1,"13":7,"14":1},"b":{"0":[13,0],"1":[0,7],"2":[7,7,7],"3":[3,1],"4":[1,3],"5":[1,1],"6":[0,1],"7":[1,0],"8":[1,1,0],"9":[7,23],"10":[23,15],"11":[31,8,5],"12":[31,7],"13":[31,8],"14":[1,7],"15":[18,12],"16":[31,22],"17":[7,5]},"meta":{"lastBranch":18,"lastFunction":15,"lastStatement":47,"seen":{"f:23:24:23:35":0,"s:24:19:24:44":0,"s:25:19:25:44":1,"s:26:22:26:53":2,"s:27:19:27:47":3,"s:29:10:29:33":4,"s:30:10:30:34":5,"s:33:4:35:Infinity":6,"f:33:4:33:20":1,"s:34:8:34:Infinity":7,"f:34:8:34:21":2,"s:34:21:34:46":8,"s:38:4:42:Infinity":9,"f:38:4:38:20":3,"b:39:8:40:Infinity:undefined:undefined:undefined:undefined":0,"s:39:8:40:Infinity":10,"s:40:12:40:Infinity":11,"s:45:22:71:Infinity":12,"f:45:22:45:34":4,"b:46:8:46:Infinity:undefined:undefined:undefined:undefined":1,"s:46:8:46:Infinity":13,"b:46:12:46:26:46:30:46:43:46:43:46:51":2,"s:46:51:46:Infinity":14,"s:48:8:48:Infinity":15,"s:49:8:49:Infinity":16,"s:50:8:50:Infinity":17,"s:52:8:71:Infinity":18,"s:53:12:65:Infinity":19,"f:55:48:55:Infinity":5,"b:57:20:58:Infinity:undefined:undefined:undefined:undefined":3,"s:57:20:58:Infinity":20,"s:58:24:58:Infinity":21,"f:58:24:58:35":6,"s:58:44:58:63":22,"b:60:20:61:Infinity:undefined:undefined:undefined:undefined":4,"s:60:20:61:Infinity":23,"s:61:24:61:Infinity":24,"f:61:24:61:35":7,"s:61:44:61:79":25,"b:67:12:68:Infinity:undefined:undefined:undefined:undefined":5,"s:67:12:68:Infinity":26,"s:68:16:68:Infinity":27,"f:68:16:68:27":8,"s:68:36:68:82":28,"s:71:12:71:Infinity":29,"s:76:10:76:58":30,"f:76:10:76:33":9,"s:76:33:76:58":31,"s:79:23:85:Infinity":32,"f:79:23:79:35":10,"b:80:8:80:Infinity:undefined:undefined:undefined:undefined":6,"s:80:8:80:Infinity":33,"s:80:21:80:Infinity":34,"s:81:8:85:Infinity":35,"s:82:12:82:Infinity":36,"s:83:12:83:Infinity":37,"s:84:12:84:Infinity":38,"f:84:12:84:29":11,"s:84:29:84:45":39,"s:91:10:94:Infinity":40,"f:91:10:91:27":12,"b:92:8:94:Infinity:undefined:undefined:undefined:undefined":7,"s:92:8:94:Infinity":41,"b:92:12:92:34:92:34:92:47:92:47:92:59":8,"s:93:12:93:Infinity":42,"s:94:12:94:Infinity":43,"s:98:4:203:Infinity":44,"f:115:20:115:31":13,"s:115:37:115:62":45,"b:125:24:130:25:130:24:140:31":9,"b:132:38:132:52:132:56:132:Infinity":10,"b:140:21:140:31:140:31:140:Infinity:141:24:142:Infinity":11,"f:141:32:141:47":14,"s:141:47:141:60":46,"b:159:25:159:Infinity:160:28:162:Infinity":12,"b:166:21:166:Infinity:167:24:179:Infinity":13,"b:169:32:172:Infinity:174:32:177:Infinity":14,"b:189:24:193:25:193:24:201:Infinity":15,"b:188:21:188:32:188:32:188:Infinity":16,"b:197:44:197:65:197:65:197:Infinity":17}}}
,"F:\\Projects\\OllamaDashboard\\frontend\\src\\components\\Playground\\RecommendationCard.jsx": {"path":"F:\\Projects\\OllamaDashboard\\frontend\\src\\components\\Playground\\RecommendationCard.jsx","statementMap":{"0":{"start":{"line":16,"column":23},"end":{"line":16,"column":55}},"1":{"start":{"line":17,"column":21},"end":{"line":17,"column":47}},"2":{"start":{"line":18,"column":23},"end":{"line":18,"column":52}},"3":{"start":{"line":19,"column":18},"end":{"line":19,"column":44}},"4":{"start":{"line":21,"column":26},"end":{"line":79,"column":null}},"5":{"start":{"line":22,"column":8},"end":{"line":22,"column":null}},"6":{"start":{"line":23,"column":8},"end":{"line":23,"column":null}},"7":{"start":{"line":24,"column":8},"end":{"line":24,"column":null}},"8":{"start":{"line":25,"column":8},"end":{"line":25,"column":null}},"9":{"start":{"line":27,"column":8},"end":{"line":79,"column":null}},"10":{"start":{"line":29,"column":24},"end":{"line":33,"column":14}},"11":{"start":{"line":35,"column":12},"end":{"line":37,"column":null}},"12":{"start":{"line":36,"column":32},"end":{"line":36,"column":66}},"13":{"start":{"line":36,"column":62},"end":{"line":36,"column":64}},"14":{"start":{"line":37,"column":16},"end":{"line":37,"column":null}},"15":{"start":{"line":40,"column":27},"end":{"line":40,"column":47}},"16":{"start":{"line":41,"column":28},"end":{"line":41,"column":45}},"17":{"start":{"line":43,"column":12},"end":{"line":61,"column":null}},"18":{"start":{"line":44,"column":40},"end":{"line":44,"column":59}},"19":{"start":{"line":45,"column":16},"end":{"line":45,"column":null}},"20":{"start":{"line":45,"column":26},"end":{"line":45,"column":null}},"21":{"start":{"line":47,"column":30},"end":{"line":47,"column":69}},"22":{"start":{"line":48,"column":30},"end":{"line":48,"column":63}},"23":{"start":{"line":50,"column":16},"end":{"line":61,"column":null}},"24":{"start":{"line":51,"column":20},"end":{"line":51,"column":null}},"25":{"start":{"line":51,"column":56},"end":{"line":51,"column":null}},"26":{"start":{"line":53,"column":20},"end":{"line":61,"column":null}},"27":{"start":{"line":54,"column":24},"end":{"line":61,"column":null}},"28":{"start":{"line":55,"column":41},"end":{"line":55,"column":66}},"29":{"start":{"line":56,"column":28},"end":{"line":56,"column":null}},"30":{"start":{"line":56,"column":45},"end":{"line":56,"column":null}},"31":{"start":{"line":57,"column":28},"end":{"line":58,"column":null}},"32":{"start":{"line":58,"column":32},"end":{"line":58,"column":null}},"33":{"start":{"line":60,"column":28},"end":{"line":60,"column":null}},"34":{"start":{"line":60,"column":44},"end":{"line":60,"column":null}},"35":{"start":{"line":69,"column":12},"end":{"line":69,"column":null}},"36":{"start":{"line":70,"column":12},"end":{"line":70,"column":null}},"37":{"start":{"line":73,"column":12},"end":{"line":75,"column":null}},"38":{"start":{"line":74,"column":16},"end":{"line":74,"column":null}},"39":{"start":{"line":78,"column":12},"end":{"line":78,"column":null}},"40":{"start":{"line":79,"column":12},"end":{"line":79,"column":null}},"41":{"start":{"line":83,"column":4},"end":{"line":139,"column":null}}},"fnMap":{"0":{"name":"RecommendationCard","decl":{"start":{"line":15,"column":24},"end":{"line":15,"column":43}},"loc":{"start":{"line":15,"column":89},"end":{"line":139,"column":null}},"line":15},"1":{"name":"(anonymous_1)","decl":{"start":{"line":21,"column":26},"end":{"line":21,"column":38}},"loc":{"start":{"line":21,"column":38},"end":{"line":79,"column":null}},"line":21},"2":{"name":"(anonymous_2)","decl":{"start":{"line":36,"column":49},"end":{"line":36,"column":62}},"loc":{"start":{"line":36,"column":62},"end":{"line":36,"column":64}},"line":36},"3":{"name":"(anonymous_3)","decl":{"start":{"line":73,"column":12},"end":{"line":73,"column":29}},"loc":{"start":{"line":73,"column":29},"end":{"line":75,"column":19}},"line":73}},"branchMap":{"0":{"loc":{"start":{"line":35,"column":12},"end":{"line":37,"column":null}},"type":"if","locations":[{"start":{"line":35,"column":12},"end":{"line":37,"column":null}},{"start":{},"end":{}}],"line":35},"1":{"loc":{"start":{"line":37,"column":32},"end":{"line":37,"column":77}},"type":"binary-expr","locations":[{"start":{"line":37,"column":32},"end":{"line":37,"column":50}},{"start":{"line":37,"column":50},"end":{"line":37,"column":77}}],"line":37},"2":{"loc":{"start":{"line":45,"column":16},"end":{"line":45,"column":null}},"type":"if","locations":[{"start":{"line":45,"column":16},"end":{"line":45,"column":null}},{"start":{},"end":{}}],"line":45},"3":{"loc":{"start":{"line":51,"column":20},"end":{"line":51,"column":null}},"type":"if","locations":[{"start":{"line":51,"column":20},"end":{"line":51,"column":null}},{"start":{},"end":{}}],"line":51},"4":{"loc":{"start":{"line":53,"column":20},"end":{"line":61,"column":null}},"type":"if","locations":[{"start":{"line":53,"column":20},"end":{"line":61,"column":null}},{"start":{},"end":{}}],"line":53},"5":{"loc":{"start":{"line":56,"column":28},"end":{"line":56,"column":null}},"type":"if","locations":[{"start":{"line":56,"column":28},"end":{"line":56,"column":null}},{"start":{},"end":{}}],"line":56},"6":{"loc":{"start":{"line":57,"column":28},"end":{"line":58,"column":null}},"type":"if","locations":[{"start":{"line":57,"column":28},"end":{"line":58,"column":null}},{"start":{},"end":{}}],"line":57},"7":{"loc":{"start":{"line":57,"column":32},"end":{"line":57,"column":62}},"type":"binary-expr","locations":[{"start":{"line":57,"column":32},"end":{"line":57,"column":50}},{"start":{"line":57,"column":50},"end":{"line":57,"column":62}}],"line":57},"8":{"loc":{"start":{"line":60,"column":28},"end":{"line":60,"column":null}},"type":"if","locations":[{"start":{"line":60,"column":28},"end":{"line":60,"column":null}},{"start":{},"end":{}}],"line":60},"9":{"loc":{"start":{"line":104,"column":17},"end":{"line":110,"column":null}},"type":"binary-expr","locations":[{"start":{"line":104,"column":17},"end":{"line":104,"column":null}},{"start":{"line":105,"column":20},"end":{"line":110,"column":null}}],"line":104},"10":{"loc":{"start":{"line":110,"column":17},"end":{"line":139,"column":null}},"type":"cond-expr","locations":[{"start":{"line":111,"column":20},"end":{"line":123,"column":null}},{"start":{"line":123,"column":20},"end":{"line":139,"column":null}}],"line":110}},"s":{"0":23,"1":23,"2":23,"3":23,"4":23,"5":4,"6":4,"7":4,"8":4,"9":4,"10":4,"11":4,"12":1,"13":0,"14":1,"15":3,"16":3,"17":3,"18":7,"19":7,"20":3,"21":4,"22":4,"23":4,"24":5,"25":1,"26":4,"27":4,"28":4,"29":4,"30":2,"31":3,"32":2,"33":3,"34":3,"35":3,"36":3,"37":3,"38":2,"39":1,"40":1,"41":23},"f":{"0":23,"1":4,"2":0,"3":2},"b":{"0":[1,3],"1":[1,0],"2":[3,4],"3":[1,4],"4":[4,0],"5":[2,2],"6":[2,1],"7":[3,2],"8":[1,2],"9":[23,1],"10":[9,14]},"meta":{"lastBranch":11,"lastFunction":4,"lastStatement":42,"seen":{"f:15:24:15:43":0,"s:16:23:16:55":0,"s:17:21:17:47":1,"s:18:23:18:52":2,"s:19:18:19:44":3,"s:21:26:79:Infinity":4,"f:21:26:21:38":1,"s:22:8:22:Infinity":5,"s:23:8:23:Infinity":6,"s:24:8:24:Infinity":7,"s:25:8:25:Infinity":8,"s:27:8:79:Infinity":9,"s:29:24:33:14":10,"b:35:12:37:Infinity:undefined:undefined:undefined:undefined":0,"s:35:12:37:Infinity":11,"s:36:32:36:66":12,"f:36:49:36:62":2,"s:36:62:36:64":13,"s:37:16:37:Infinity":14,"b:37:32:37:50:37:50:37:77":1,"s:40:27:40:47":15,"s:41:28:41:45":16,"s:43:12:61:Infinity":17,"s:44:40:44:59":18,"b:45:16:45:Infinity:undefined:undefined:undefined:undefined":2,"s:45:16:45:Infinity":19,"s:45:26:45:Infinity":20,"s:47:30:47:69":21,"s:48:30:48:63":22,"s:50:16:61:Infinity":23,"b:51:20:51:Infinity:undefined:undefined:undefined:undefined":3,"s:51:20:51:Infinity":24,"s:51:56:51:Infinity":25,"b:53:20:61:Infinity:undefined:undefined:undefined:undefined":4,"s:53:20:61:Infinity":26,"s:54:24:61:Infinity":27,"s:55:41:55:66":28,"b:56:28:56:Infinity:undefined:undefined:undefined:undefined":5,"s:56:28:56:Infinity":29,"s:56:45:56:Infinity":30,"b:57:28:58:Infinity:undefined:undefined:undefined:undefined":6,"s:57:28:58:Infinity":31,"b:57:32:57:50:57:50:57:62":7,"s:58:32:58:Infinity":32,"b:60:28:60:Infinity:undefined:undefined:undefined:undefined":8,"s:60:28:60:Infinity":33,"s:60:44:60:Infinity":34,"s:69:12:69:Infinity":35,"s:70:12:70:Infinity":36,"s:73:12:75:Infinity":37,"f:73:12:73:29":3,"s:74:16:74:Infinity":38,"s:78:12:78:Infinity":39,"s:79:12:79:Infinity":40,"s:83:4:139:Infinity":41,"b:104:17:104:Infinity:105:20:110:Infinity":9,"b:111:20:123:Infinity:123:20:139:Infinity":10}}}
}
